Removed Pin From Net: NetName=VIN Pin=U1-1
Removed Pin From Net: NetName=NetC2_2 Pin=U1-2
Removed Pin From Net: NetName=NetR1_1 Pin=U1-3
Removed Pin From Net: NetName=NetC3_1 Pin=U1-4
Removed Pin From Net: NetName=GND Pin=U1-5
Change component parameters: Designator = "C2" ("C2"); Footprint = "C 0402_L"; UniqueID = "\IENQBRYZ" ("\IENQBRYZ")
Change component parameters (AddParameter): Name = "主类型"; Value = "电容"; VariantName = "[No Variations]"
Change component parameters (AddParameter): Name = "值/型号"; Value = "2.2uF/16V"; VariantName = "[No Variations]"
Change component parameters (AddParameter): Name = "值精度"; Value = "±10%"; VariantName = "[No Variations]"
Change component parameters (AddParameter): Name = "元件封装"; Value = "0402"; VariantName = "[No Variations]"
Change component parameters (AddParameter): Name = "具体类型"; Value = "陶瓷电容"; VariantName = "[No Variations]"
Change component parameters (AddParameter): Name = "封装类型"; Value = "贴片"; VariantName = "[No Variations]"
Change component parameters (AddParameter): Name = "温度漂移"; Value = "X5R"; VariantName = "[No Variations]"
Change component parameters (AddParameter): Name = "温度范围"; Value = ""; VariantName = "[No Variations]"
Change component parameters (AddParameter): Name = "生产商"; Value = "SAMSUNG(三星)"; VariantName = "[No Variations]"
Change component parameters (AddParameter): Name = "生产商零件编码"; Value = "CL05A225KO5NQNC"; VariantName = "[No Variations]"
Change component parameters (AddParameter): Name = "立创编号"; Value = "C170151"; VariantName = "[No Variations]"
Change component parameters (AddParameter): Name = "类型备注"; Value = ""; VariantName = "[No Variations]"
Change component parameters: Designator = "C7" ("C7"); Footprint = "C 0402_L"; UniqueID = "\RGDLZKFG" ("\RGDLZKFG")
Change component parameters (AddParameter): Name = "主类型"; Value = "电容"; VariantName = "[No Variations]"
Change component parameters (AddParameter): Name = "值/型号"; Value = "100pF/16V"; VariantName = "[No Variations]"
Change component parameters (AddParameter): Name = "值精度"; Value = "±10%"; VariantName = "[No Variations]"
Change component parameters (AddParameter): Name = "元件封装"; Value = "0402"; VariantName = "[No Variations]"
Change component parameters (AddParameter): Name = "具体类型"; Value = "陶瓷电容"; VariantName = "[No Variations]"
Change component parameters (AddParameter): Name = "封装类型"; Value = "贴片"; VariantName = "[No Variations]"
Change component parameters (AddParameter): Name = "温度漂移"; Value = "X7R（15%）"; VariantName = "[No Variations]"
Change component parameters (AddParameter): Name = "温度范围"; Value = "-55°C ~ 125°C"; VariantName = "[No Variations]"
Change component parameters (AddParameter): Name = "生产商"; Value = "YAGEO(国巨)"; VariantName = "[No Variations]"
Change component parameters (AddParameter): Name = "生产商零件编码"; Value = "CC0402JRNPO9BN101"; VariantName = "[No Variations]"
Change component parameters (AddParameter): Name = "立创编号"; Value = "C106200"; VariantName = "[No Variations]"
Change component parameters (AddParameter): Name = "类型备注"; Value = ""; VariantName = "[No Variations]"
Change component parameters: Designator = "C9" ("C9"); Footprint = "C 0402_L"; UniqueID = "\SUXAQOFE" ("\SUXAQOFE")
Change component parameters (AddParameter): Name = "主类型"; Value = "电容"; VariantName = "[No Variations]"
Change component parameters (AddParameter): Name = "值/型号"; Value = "100pF/16V"; VariantName = "[No Variations]"
Change component parameters (AddParameter): Name = "值精度"; Value = "±10%"; VariantName = "[No Variations]"
Change component parameters (AddParameter): Name = "元件封装"; Value = "0402"; VariantName = "[No Variations]"
Change component parameters (AddParameter): Name = "具体类型"; Value = "陶瓷电容"; VariantName = "[No Variations]"
Change component parameters (AddParameter): Name = "封装类型"; Value = "贴片"; VariantName = "[No Variations]"
Change component parameters (AddParameter): Name = "温度漂移"; Value = "X7R（15%）"; VariantName = "[No Variations]"
Change component parameters (AddParameter): Name = "温度范围"; Value = "-55°C ~ 125°C"; VariantName = "[No Variations]"
Change component parameters (AddParameter): Name = "生产商"; Value = "YAGEO(国巨)"; VariantName = "[No Variations]"
Change component parameters (AddParameter): Name = "生产商零件编码"; Value = "CC0402JRNPO9BN101"; VariantName = "[No Variations]"
Change component parameters (AddParameter): Name = "立创编号"; Value = "C106200"; VariantName = "[No Variations]"
Change component parameters (AddParameter): Name = "类型备注"; Value = ""; VariantName = "[No Variations]"
Change component parameters: Designator = "C11" ("C11"); Footprint = "C 0402_L"; UniqueID = "\INAKXIKK" ("\INAKXIKK")
Change component parameters (AddParameter): Name = "主类型"; Value = "电容"; VariantName = "[No Variations]"
Change component parameters (AddParameter): Name = "值/型号"; Value = "100pF/16V"; VariantName = "[No Variations]"
Change component parameters (AddParameter): Name = "值精度"; Value = "±10%"; VariantName = "[No Variations]"
Change component parameters (AddParameter): Name = "元件封装"; Value = "0402"; VariantName = "[No Variations]"
Change component parameters (AddParameter): Name = "具体类型"; Value = "陶瓷电容"; VariantName = "[No Variations]"
Change component parameters (AddParameter): Name = "封装类型"; Value = "贴片"; VariantName = "[No Variations]"
Change component parameters (AddParameter): Name = "温度漂移"; Value = "X7R（15%）"; VariantName = "[No Variations]"
Change component parameters (AddParameter): Name = "温度范围"; Value = "-55°C ~ 125°C"; VariantName = "[No Variations]"
Change component parameters (AddParameter): Name = "生产商"; Value = "YAGEO(国巨)"; VariantName = "[No Variations]"
Change component parameters (AddParameter): Name = "生产商零件编码"; Value = "CC0402JRNPO9BN101"; VariantName = "[No Variations]"
Change component parameters (AddParameter): Name = "立创编号"; Value = "C106200"; VariantName = "[No Variations]"
Change component parameters (AddParameter): Name = "类型备注"; Value = ""; VariantName = "[No Variations]"
Change component parameters: Designator = "R1" ("R1"); Footprint = "R 0402_L"; UniqueID = "\PQENPEJV" ("\PQENPEJV")
Change component parameters (AddParameter): Name = "主类型"; Value = "电阻"; VariantName = "[No Variations]"
Change component parameters (AddParameter): Name = "值/型号"; Value = "0"; VariantName = "[No Variations]"
Change component parameters (AddParameter): Name = "值精度"; Value = "±1%"; VariantName = "[No Variations]"
Change component parameters (AddParameter): Name = "元件封装"; Value = "0402"; VariantName = "[No Variations]"
Change component parameters (AddParameter): Name = "具体类型"; Value = "贴片电阻"; VariantName = "[No Variations]"
Change component parameters (AddParameter): Name = "封装类型"; Value = "贴片"; VariantName = "[No Variations]"
Change component parameters (AddParameter): Name = "温度漂移"; Value = "±100ppm/℃"; VariantName = "[No Variations]"
Change component parameters (AddParameter): Name = "温度范围"; Value = ""; VariantName = "[No Variations]"
Change component parameters (AddParameter): Name = "生产商"; Value = "国巨"; VariantName = "[No Variations]"
Change component parameters (AddParameter): Name = "生产商零件编码"; Value = "RC0402FR-070RL"; VariantName = "[No Variations]"
Change component parameters (AddParameter): Name = "立创编号"; Value = "C106231"; VariantName = "[No Variations]"
Change component parameters (AddParameter): Name = "类型备注"; Value = ""; VariantName = "[No Variations]"
Change component parameters: Designator = "R4" ("R4"); Footprint = "R 0402_L"; UniqueID = "\MNNTSLQA" ("\MNNTSLQA")
Change component parameters (AddParameter): Name = "主类型"; Value = "电阻"; VariantName = "[No Variations]"
Change component parameters (AddParameter): Name = "值/型号"; Value = "0"; VariantName = "[No Variations]"
Change component parameters (AddParameter): Name = "值精度"; Value = "±1%"; VariantName = "[No Variations]"
Change component parameters (AddParameter): Name = "元件封装"; Value = "0402"; VariantName = "[No Variations]"
Change component parameters (AddParameter): Name = "具体类型"; Value = "贴片电阻"; VariantName = "[No Variations]"
Change component parameters (AddParameter): Name = "封装类型"; Value = "贴片"; VariantName = "[No Variations]"
Change component parameters (AddParameter): Name = "温度漂移"; Value = "±100ppm/℃"; VariantName = "[No Variations]"
Change component parameters (AddParameter): Name = "温度范围"; Value = ""; VariantName = "[No Variations]"
Change component parameters (AddParameter): Name = "生产商"; Value = "国巨"; VariantName = "[No Variations]"
Change component parameters (AddParameter): Name = "生产商零件编码"; Value = "RC0402FR-070RL"; VariantName = "[No Variations]"
Change component parameters (AddParameter): Name = "立创编号"; Value = "C106231"; VariantName = "[No Variations]"
Change component parameters (AddParameter): Name = "类型备注"; Value = ""; VariantName = "[No Variations]"
Change component parameters: Designator = "R11" ("R11"); Footprint = "R 0402_L"; UniqueID = "\GFLNZIFD" ("\GFLNZIFD")
Change component parameters (AddParameter): Name = "主类型"; Value = "电阻"; VariantName = "[No Variations]"
Change component parameters (AddParameter): Name = "值/型号"; Value = "0"; VariantName = "[No Variations]"
Change component parameters (AddParameter): Name = "值精度"; Value = "±1%"; VariantName = "[No Variations]"
Change component parameters (AddParameter): Name = "元件封装"; Value = "0402"; VariantName = "[No Variations]"
Change component parameters (AddParameter): Name = "具体类型"; Value = "贴片电阻"; VariantName = "[No Variations]"
Change component parameters (AddParameter): Name = "封装类型"; Value = "贴片"; VariantName = "[No Variations]"
Change component parameters (AddParameter): Name = "温度漂移"; Value = "±100ppm/℃"; VariantName = "[No Variations]"
Change component parameters (AddParameter): Name = "温度范围"; Value = ""; VariantName = "[No Variations]"
Change component parameters (AddParameter): Name = "生产商"; Value = "国巨"; VariantName = "[No Variations]"
Change component parameters (AddParameter): Name = "生产商零件编码"; Value = "RC0402FR-070RL"; VariantName = "[No Variations]"
Change component parameters (AddParameter): Name = "立创编号"; Value = "C106231"; VariantName = "[No Variations]"
Change component parameters (AddParameter): Name = "类型备注"; Value = ""; VariantName = "[No Variations]"
Change component parameters: Designator = "R13" ("R13"); Footprint = "R 0402_L"; UniqueID = "\BWFFWSRB" ("\BWFFWSRB")
Change component parameters (AddParameter): Name = "主类型"; Value = "电阻"; VariantName = "[No Variations]"
Change component parameters (AddParameter): Name = "值/型号"; Value = "0"; VariantName = "[No Variations]"
Change component parameters (AddParameter): Name = "值精度"; Value = "±1%"; VariantName = "[No Variations]"
Change component parameters (AddParameter): Name = "元件封装"; Value = "0402"; VariantName = "[No Variations]"
Change component parameters (AddParameter): Name = "具体类型"; Value = "贴片电阻"; VariantName = "[No Variations]"
Change component parameters (AddParameter): Name = "封装类型"; Value = "贴片"; VariantName = "[No Variations]"
Change component parameters (AddParameter): Name = "温度漂移"; Value = "±100ppm/℃"; VariantName = "[No Variations]"
Change component parameters (AddParameter): Name = "温度范围"; Value = ""; VariantName = "[No Variations]"
Change component parameters (AddParameter): Name = "生产商"; Value = "国巨"; VariantName = "[No Variations]"
Change component parameters (AddParameter): Name = "生产商零件编码"; Value = "RC0402FR-070RL"; VariantName = "[No Variations]"
Change component parameters (AddParameter): Name = "立创编号"; Value = "C106231"; VariantName = "[No Variations]"
Change component parameters (AddParameter): Name = "类型备注"; Value = ""; VariantName = "[No Variations]"
Change component parameters: Designator = "R14" ("R14"); Footprint = "R 0402_L"; UniqueID = "\EERGQVEP" ("\EERGQVEP")
Change component parameters (AddParameter): Name = "主类型"; Value = "电阻"; VariantName = "[No Variations]"
Change component parameters (AddParameter): Name = "值/型号"; Value = "0"; VariantName = "[No Variations]"
Change component parameters (AddParameter): Name = "值精度"; Value = "±1%"; VariantName = "[No Variations]"
Change component parameters (AddParameter): Name = "元件封装"; Value = "0402"; VariantName = "[No Variations]"
Change component parameters (AddParameter): Name = "具体类型"; Value = "贴片电阻"; VariantName = "[No Variations]"
Change component parameters (AddParameter): Name = "封装类型"; Value = "贴片"; VariantName = "[No Variations]"
Change component parameters (AddParameter): Name = "温度漂移"; Value = "±100ppm/℃"; VariantName = "[No Variations]"
Change component parameters (AddParameter): Name = "温度范围"; Value = ""; VariantName = "[No Variations]"
Change component parameters (AddParameter): Name = "生产商"; Value = "国巨"; VariantName = "[No Variations]"
Change component parameters (AddParameter): Name = "生产商零件编码"; Value = "RC0402FR-070RL"; VariantName = "[No Variations]"
Change component parameters (AddParameter): Name = "立创编号"; Value = "C106231"; VariantName = "[No Variations]"
Change component parameters (AddParameter): Name = "类型备注"; Value = ""; VariantName = "[No Variations]"
Change component parameters: Designator = "R15" ("R15"); Footprint = "R 0402_L"; UniqueID = "\DRGUBOPU" ("\DRGUBOPU")
Change component parameters (AddParameter): Name = "主类型"; Value = "电阻"; VariantName = "[No Variations]"
Change component parameters (AddParameter): Name = "值/型号"; Value = "0"; VariantName = "[No Variations]"
Change component parameters (AddParameter): Name = "值精度"; Value = "±1%"; VariantName = "[No Variations]"
Change component parameters (AddParameter): Name = "元件封装"; Value = "0402"; VariantName = "[No Variations]"
Change component parameters (AddParameter): Name = "具体类型"; Value = "贴片电阻"; VariantName = "[No Variations]"
Change component parameters (AddParameter): Name = "封装类型"; Value = "贴片"; VariantName = "[No Variations]"
Change component parameters (AddParameter): Name = "温度漂移"; Value = "±100ppm/℃"; VariantName = "[No Variations]"
Change component parameters (AddParameter): Name = "温度范围"; Value = ""; VariantName = "[No Variations]"
Change component parameters (AddParameter): Name = "生产商"; Value = "国巨"; VariantName = "[No Variations]"
Change component parameters (AddParameter): Name = "生产商零件编码"; Value = "RC0402FR-070RL"; VariantName = "[No Variations]"
Change component parameters (AddParameter): Name = "立创编号"; Value = "C106231"; VariantName = "[No Variations]"
Change component parameters (AddParameter): Name = "类型备注"; Value = ""; VariantName = "[No Variations]"
Change component parameters: Designator = "R16" ("R16"); Footprint = "R 0402_L"; UniqueID = "\CXCOHXVT" ("\CXCOHXVT")
Change component parameters (AddParameter): Name = "主类型"; Value = "电阻"; VariantName = "[No Variations]"
Change component parameters (AddParameter): Name = "值/型号"; Value = "0"; VariantName = "[No Variations]"
Change component parameters (AddParameter): Name = "值精度"; Value = "±1%"; VariantName = "[No Variations]"
Change component parameters (AddParameter): Name = "元件封装"; Value = "0402"; VariantName = "[No Variations]"
Change component parameters (AddParameter): Name = "具体类型"; Value = "贴片电阻"; VariantName = "[No Variations]"
Change component parameters (AddParameter): Name = "封装类型"; Value = "贴片"; VariantName = "[No Variations]"
Change component parameters (AddParameter): Name = "温度漂移"; Value = "±100ppm/℃"; VariantName = "[No Variations]"
Change component parameters (AddParameter): Name = "温度范围"; Value = ""; VariantName = "[No Variations]"
Change component parameters (AddParameter): Name = "生产商"; Value = "国巨"; VariantName = "[No Variations]"
Change component parameters (AddParameter): Name = "生产商零件编码"; Value = "RC0402FR-070RL"; VariantName = "[No Variations]"
Change component parameters (AddParameter): Name = "立创编号"; Value = "C106231"; VariantName = "[No Variations]"
Change component parameters (AddParameter): Name = "类型备注"; Value = ""; VariantName = "[No Variations]"
Change component parameters: Designator = "R17" ("R17"); Footprint = "R 0402_L"; UniqueID = "\YOSTIPLK" ("\YOSTIPLK")
Change component parameters (AddParameter): Name = "主类型"; Value = "电阻"; VariantName = "[No Variations]"
Change component parameters (AddParameter): Name = "值/型号"; Value = "0"; VariantName = "[No Variations]"
Change component parameters (AddParameter): Name = "值精度"; Value = "±1%"; VariantName = "[No Variations]"
Change component parameters (AddParameter): Name = "元件封装"; Value = "0402"; VariantName = "[No Variations]"
Change component parameters (AddParameter): Name = "具体类型"; Value = "贴片电阻"; VariantName = "[No Variations]"
Change component parameters (AddParameter): Name = "封装类型"; Value = "贴片"; VariantName = "[No Variations]"
Change component parameters (AddParameter): Name = "温度漂移"; Value = "±100ppm/℃"; VariantName = "[No Variations]"
Change component parameters (AddParameter): Name = "温度范围"; Value = ""; VariantName = "[No Variations]"
Change component parameters (AddParameter): Name = "生产商"; Value = "国巨"; VariantName = "[No Variations]"
Change component parameters (AddParameter): Name = "生产商零件编码"; Value = "RC0402FR-070RL"; VariantName = "[No Variations]"
Change component parameters (AddParameter): Name = "立创编号"; Value = "C106231"; VariantName = "[No Variations]"
Change component parameters (AddParameter): Name = "类型备注"; Value = ""; VariantName = "[No Variations]"
Change component parameters: Designator = "R18" ("R18"); Footprint = "R 0402_L"; UniqueID = "\BSYTLTRR" ("\BSYTLTRR")
Change component parameters (AddParameter): Name = "主类型"; Value = "电阻"; VariantName = "[No Variations]"
Change component parameters (AddParameter): Name = "值/型号"; Value = "0"; VariantName = "[No Variations]"
Change component parameters (AddParameter): Name = "值精度"; Value = "±1%"; VariantName = "[No Variations]"
Change component parameters (AddParameter): Name = "元件封装"; Value = "0402"; VariantName = "[No Variations]"
Change component parameters (AddParameter): Name = "具体类型"; Value = "贴片电阻"; VariantName = "[No Variations]"
Change component parameters (AddParameter): Name = "封装类型"; Value = "贴片"; VariantName = "[No Variations]"
Change component parameters (AddParameter): Name = "温度漂移"; Value = "±100ppm/℃"; VariantName = "[No Variations]"
Change component parameters (AddParameter): Name = "温度范围"; Value = ""; VariantName = "[No Variations]"
Change component parameters (AddParameter): Name = "生产商"; Value = "国巨"; VariantName = "[No Variations]"
Change component parameters (AddParameter): Name = "生产商零件编码"; Value = "RC0402FR-070RL"; VariantName = "[No Variations]"
Change component parameters (AddParameter): Name = "立创编号"; Value = "C106231"; VariantName = "[No Variations]"
Change component parameters (AddParameter): Name = "类型备注"; Value = ""; VariantName = "[No Variations]"
Change component parameters: Designator = "R19" ("R19"); Footprint = "R 0402_L"; UniqueID = "\TTABBHOZ" ("\TTABBHOZ")
Change component parameters (AddParameter): Name = "主类型"; Value = "电阻"; VariantName = "[No Variations]"
Change component parameters (AddParameter): Name = "值/型号"; Value = "0"; VariantName = "[No Variations]"
Change component parameters (AddParameter): Name = "值精度"; Value = "±1%"; VariantName = "[No Variations]"
Change component parameters (AddParameter): Name = "元件封装"; Value = "0402"; VariantName = "[No Variations]"
Change component parameters (AddParameter): Name = "具体类型"; Value = "贴片电阻"; VariantName = "[No Variations]"
Change component parameters (AddParameter): Name = "封装类型"; Value = "贴片"; VariantName = "[No Variations]"
Change component parameters (AddParameter): Name = "温度漂移"; Value = "±100ppm/℃"; VariantName = "[No Variations]"
Change component parameters (AddParameter): Name = "温度范围"; Value = ""; VariantName = "[No Variations]"
Change component parameters (AddParameter): Name = "生产商"; Value = "国巨"; VariantName = "[No Variations]"
Change component parameters (AddParameter): Name = "生产商零件编码"; Value = "RC0402FR-070RL"; VariantName = "[No Variations]"
Change component parameters (AddParameter): Name = "立创编号"; Value = "C106231"; VariantName = "[No Variations]"
Change component parameters (AddParameter): Name = "类型备注"; Value = ""; VariantName = "[No Variations]"
Added Component: Designator=U1(SOT23-5)
Added Pin To Net: NetName=VIN Pin=U1-1
Added Pin To Net: NetName=GND Pin=U1-2
Added Pin To Net: NetName=NetR1_1 Pin=U1-3
Added Pin To Net: NetName=NetC3_1 Pin=U1-4
Added Pin To Net: NetName=NetC2_2 Pin=U1-5
