Added Component: Designator=C1(C 0402_L)
Add component (AddParameter): Name = "主类型"; Value = "电容"; VariantName = "[No Variations]"
Add component (AddParameter): Name = "值/型号"; Value = "1uF/16V"; VariantName = "[No Variations]"
Add component (AddParameter): Name = "值精度"; Value = "±10%"; VariantName = "[No Variations]"
Add component (AddParameter): Name = "元件封装"; Value = "0402"; VariantName = "[No Variations]"
Add component (AddParameter): Name = "具体类型"; Value = "陶瓷电容"; VariantName = "[No Variations]"
Add component (AddParameter): Name = "封装类型"; Value = "贴片"; VariantName = "[No Variations]"
Add component (AddParameter): Name = "温度漂移"; Value = "X5R"; VariantName = "[No Variations]"
Add component (AddParameter): Name = "温度范围"; Value = ""; VariantName = "[No Variations]"
Add component (AddParameter): Name = "生产商"; Value = "SAMSUNG(三星)"; VariantName = "[No Variations]"
Add component (AddParameter): Name = "生产商零件编码"; Value = "CL05A105KO5NNNC"; VariantName = "[No Variations]"
Add component (AddParameter): Name = "立创编号"; Value = "C29266"; VariantName = "[No Variations]"
Add component (AddParameter): Name = "类型备注"; Value = ""; VariantName = "[No Variations]"
Added Component: Designator=C2(C 0402_L)
Add component (AddParameter): Name = "主类型"; Value = "电容"; VariantName = "[No Variations]"
Add component (AddParameter): Name = "值/型号"; Value = "1uF/16V"; VariantName = "[No Variations]"
Add component (AddParameter): Name = "值精度"; Value = "±10%"; VariantName = "[No Variations]"
Add component (AddParameter): Name = "元件封装"; Value = "0402"; VariantName = "[No Variations]"
Add component (AddParameter): Name = "具体类型"; Value = "陶瓷电容"; VariantName = "[No Variations]"
Add component (AddParameter): Name = "封装类型"; Value = "贴片"; VariantName = "[No Variations]"
Add component (AddParameter): Name = "温度漂移"; Value = "X5R"; VariantName = "[No Variations]"
Add component (AddParameter): Name = "温度范围"; Value = ""; VariantName = "[No Variations]"
Add component (AddParameter): Name = "生产商"; Value = "SAMSUNG(三星)"; VariantName = "[No Variations]"
Add component (AddParameter): Name = "生产商零件编码"; Value = "CL05A105KO5NNNC"; VariantName = "[No Variations]"
Add component (AddParameter): Name = "立创编号"; Value = "C29266"; VariantName = "[No Variations]"
Add component (AddParameter): Name = "类型备注"; Value = ""; VariantName = "[No Variations]"
Added Component: Designator=C3(C 0402_L)
Add component (AddParameter): Name = "主类型"; Value = "电容"; VariantName = "[No Variations]"
Add component (AddParameter): Name = "值/型号"; Value = "10nF/50V"; VariantName = "[No Variations]"
Add component (AddParameter): Name = "值精度"; Value = "±5%"; VariantName = "[No Variations]"
Add component (AddParameter): Name = "元件封装"; Value = "0402"; VariantName = "[No Variations]"
Add component (AddParameter): Name = "具体类型"; Value = "陶瓷电容"; VariantName = "[No Variations]"
Add component (AddParameter): Name = "封装类型"; Value = "贴片"; VariantName = "[No Variations]"
Add component (AddParameter): Name = "温度漂移"; Value = "C0G"; VariantName = "[No Variations]"
Add component (AddParameter): Name = "温度范围"; Value = "-55°C ~ 125°C"; VariantName = "[No Variations]"
Add component (AddParameter): Name = "生产商"; Value = "YAGEO(国巨)"; VariantName = "[No Variations]"
Add component (AddParameter): Name = "生产商零件编码"; Value = "CC0402JRX7R9BB103"; VariantName = "[No Variations]"
Add component (AddParameter): Name = "立创编号"; Value = "C272878"; VariantName = "[No Variations]"
Add component (AddParameter): Name = "类型备注"; Value = ""; VariantName = "[No Variations]"
Added Component: Designator=C4(C 0402_L)
Add component (AddParameter): Name = "主类型"; Value = "电容"; VariantName = "[No Variations]"
Add component (AddParameter): Name = "值/型号"; Value = "1uF/16V"; VariantName = "[No Variations]"
Add component (AddParameter): Name = "值精度"; Value = "±10%"; VariantName = "[No Variations]"
Add component (AddParameter): Name = "元件封装"; Value = "0402"; VariantName = "[No Variations]"
Add component (AddParameter): Name = "具体类型"; Value = "陶瓷电容"; VariantName = "[No Variations]"
Add component (AddParameter): Name = "封装类型"; Value = "贴片"; VariantName = "[No Variations]"
Add component (AddParameter): Name = "温度漂移"; Value = "X5R"; VariantName = "[No Variations]"
Add component (AddParameter): Name = "温度范围"; Value = ""; VariantName = "[No Variations]"
Add component (AddParameter): Name = "生产商"; Value = "SAMSUNG(三星)"; VariantName = "[No Variations]"
Add component (AddParameter): Name = "生产商零件编码"; Value = "CL05A105KO5NNNC"; VariantName = "[No Variations]"
Add component (AddParameter): Name = "立创编号"; Value = "C29266"; VariantName = "[No Variations]"
Add component (AddParameter): Name = "类型备注"; Value = ""; VariantName = "[No Variations]"
Added Component: Designator=C5(C 0402_L)
Add component (AddParameter): Name = "主类型"; Value = "电容"; VariantName = "[No Variations]"
Add component (AddParameter): Name = "值/型号"; Value = "1uF/16V"; VariantName = "[No Variations]"
Add component (AddParameter): Name = "值精度"; Value = "±10%"; VariantName = "[No Variations]"
Add component (AddParameter): Name = "元件封装"; Value = "0402"; VariantName = "[No Variations]"
Add component (AddParameter): Name = "具体类型"; Value = "陶瓷电容"; VariantName = "[No Variations]"
Add component (AddParameter): Name = "封装类型"; Value = "贴片"; VariantName = "[No Variations]"
Add component (AddParameter): Name = "温度漂移"; Value = "X5R"; VariantName = "[No Variations]"
Add component (AddParameter): Name = "温度范围"; Value = ""; VariantName = "[No Variations]"
Add component (AddParameter): Name = "生产商"; Value = "SAMSUNG(三星)"; VariantName = "[No Variations]"
Add component (AddParameter): Name = "生产商零件编码"; Value = "CL05A105KO5NNNC"; VariantName = "[No Variations]"
Add component (AddParameter): Name = "立创编号"; Value = "C29266"; VariantName = "[No Variations]"
Add component (AddParameter): Name = "类型备注"; Value = ""; VariantName = "[No Variations]"
Added Component: Designator=C6(C 0402_L)
Add component (AddParameter): Name = "主类型"; Value = "电容"; VariantName = "[No Variations]"
Add component (AddParameter): Name = "值/型号"; Value = "1uF/16V"; VariantName = "[No Variations]"
Add component (AddParameter): Name = "值精度"; Value = "±10%"; VariantName = "[No Variations]"
Add component (AddParameter): Name = "元件封装"; Value = "0402"; VariantName = "[No Variations]"
Add component (AddParameter): Name = "具体类型"; Value = "陶瓷电容"; VariantName = "[No Variations]"
Add component (AddParameter): Name = "封装类型"; Value = "贴片"; VariantName = "[No Variations]"
Add component (AddParameter): Name = "温度漂移"; Value = "X5R"; VariantName = "[No Variations]"
Add component (AddParameter): Name = "温度范围"; Value = ""; VariantName = "[No Variations]"
Add component (AddParameter): Name = "生产商"; Value = "SAMSUNG(三星)"; VariantName = "[No Variations]"
Add component (AddParameter): Name = "生产商零件编码"; Value = "CL05A105KO5NNNC"; VariantName = "[No Variations]"
Add component (AddParameter): Name = "立创编号"; Value = "C29266"; VariantName = "[No Variations]"
Add component (AddParameter): Name = "类型备注"; Value = ""; VariantName = "[No Variations]"
Added Component: Designator=C7(C 0402_L)
Add component (AddParameter): Name = "主类型"; Value = "电容"; VariantName = "[No Variations]"
Add component (AddParameter): Name = "值/型号"; Value = "100nF/16V"; VariantName = "[No Variations]"
Add component (AddParameter): Name = "值精度"; Value = "±10%"; VariantName = "[No Variations]"
Add component (AddParameter): Name = "元件封装"; Value = "0402"; VariantName = "[No Variations]"
Add component (AddParameter): Name = "具体类型"; Value = "陶瓷电容"; VariantName = "[No Variations]"
Add component (AddParameter): Name = "封装类型"; Value = "贴片"; VariantName = "[No Variations]"
Add component (AddParameter): Name = "温度漂移"; Value = "X7R（15%）"; VariantName = "[No Variations]"
Add component (AddParameter): Name = "温度范围"; Value = "-55°C ~ 125°C"; VariantName = "[No Variations]"
Add component (AddParameter): Name = "生产商"; Value = "YAGEO(国巨)"; VariantName = "[No Variations]"
Add component (AddParameter): Name = "生产商零件编码"; Value = "CC0402KRX7R7BB104"; VariantName = "[No Variations]"
Add component (AddParameter): Name = "立创编号"; Value = "C60474"; VariantName = "[No Variations]"
Add component (AddParameter): Name = "类型备注"; Value = ""; VariantName = "[No Variations]"
Added Component: Designator=C8(C 0402_L)
Add component (AddParameter): Name = "主类型"; Value = "电容"; VariantName = "[No Variations]"
Add component (AddParameter): Name = "值/型号"; Value = "100nF/16V"; VariantName = "[No Variations]"
Add component (AddParameter): Name = "值精度"; Value = "±10%"; VariantName = "[No Variations]"
Add component (AddParameter): Name = "元件封装"; Value = "0402"; VariantName = "[No Variations]"
Add component (AddParameter): Name = "具体类型"; Value = "陶瓷电容"; VariantName = "[No Variations]"
Add component (AddParameter): Name = "封装类型"; Value = "贴片"; VariantName = "[No Variations]"
Add component (AddParameter): Name = "温度漂移"; Value = "X7R（15%）"; VariantName = "[No Variations]"
Add component (AddParameter): Name = "温度范围"; Value = "-55°C ~ 125°C"; VariantName = "[No Variations]"
Add component (AddParameter): Name = "生产商"; Value = "YAGEO(国巨)"; VariantName = "[No Variations]"
Add component (AddParameter): Name = "生产商零件编码"; Value = "CC0402KRX7R7BB104"; VariantName = "[No Variations]"
Add component (AddParameter): Name = "立创编号"; Value = "C60474"; VariantName = "[No Variations]"
Add component (AddParameter): Name = "类型备注"; Value = ""; VariantName = "[No Variations]"
Added Component: Designator=C9(C 0402_L)
Add component (AddParameter): Name = "主类型"; Value = "电容"; VariantName = "[No Variations]"
Add component (AddParameter): Name = "值/型号"; Value = "100nF/16V"; VariantName = "[No Variations]"
Add component (AddParameter): Name = "值精度"; Value = "±10%"; VariantName = "[No Variations]"
Add component (AddParameter): Name = "元件封装"; Value = "0402"; VariantName = "[No Variations]"
Add component (AddParameter): Name = "具体类型"; Value = "陶瓷电容"; VariantName = "[No Variations]"
Add component (AddParameter): Name = "封装类型"; Value = "贴片"; VariantName = "[No Variations]"
Add component (AddParameter): Name = "温度漂移"; Value = "X7R（15%）"; VariantName = "[No Variations]"
Add component (AddParameter): Name = "温度范围"; Value = "-55°C ~ 125°C"; VariantName = "[No Variations]"
Add component (AddParameter): Name = "生产商"; Value = "YAGEO(国巨)"; VariantName = "[No Variations]"
Add component (AddParameter): Name = "生产商零件编码"; Value = "CC0402KRX7R7BB104"; VariantName = "[No Variations]"
Add component (AddParameter): Name = "立创编号"; Value = "C60474"; VariantName = "[No Variations]"
Add component (AddParameter): Name = "类型备注"; Value = ""; VariantName = "[No Variations]"
Added Component: Designator=C10(C 0402_L)
Add component (AddParameter): Name = "主类型"; Value = "电容"; VariantName = "[No Variations]"
Add component (AddParameter): Name = "值/型号"; Value = "100nF/16V"; VariantName = "[No Variations]"
Add component (AddParameter): Name = "值精度"; Value = "±10%"; VariantName = "[No Variations]"
Add component (AddParameter): Name = "元件封装"; Value = "0402"; VariantName = "[No Variations]"
Add component (AddParameter): Name = "具体类型"; Value = "陶瓷电容"; VariantName = "[No Variations]"
Add component (AddParameter): Name = "封装类型"; Value = "贴片"; VariantName = "[No Variations]"
Add component (AddParameter): Name = "温度漂移"; Value = "X7R（15%）"; VariantName = "[No Variations]"
Add component (AddParameter): Name = "温度范围"; Value = "-55°C ~ 125°C"; VariantName = "[No Variations]"
Add component (AddParameter): Name = "生产商"; Value = "YAGEO(国巨)"; VariantName = "[No Variations]"
Add component (AddParameter): Name = "生产商零件编码"; Value = "CC0402KRX7R7BB104"; VariantName = "[No Variations]"
Add component (AddParameter): Name = "立创编号"; Value = "C60474"; VariantName = "[No Variations]"
Add component (AddParameter): Name = "类型备注"; Value = ""; VariantName = "[No Variations]"
Added Component: Designator=C11(C 0402_L)
Add component (AddParameter): Name = "主类型"; Value = "电容"; VariantName = "[No Variations]"
Add component (AddParameter): Name = "值/型号"; Value = "100nF/16V"; VariantName = "[No Variations]"
Add component (AddParameter): Name = "值精度"; Value = "±10%"; VariantName = "[No Variations]"
Add component (AddParameter): Name = "元件封装"; Value = "0402"; VariantName = "[No Variations]"
Add component (AddParameter): Name = "具体类型"; Value = "陶瓷电容"; VariantName = "[No Variations]"
Add component (AddParameter): Name = "封装类型"; Value = "贴片"; VariantName = "[No Variations]"
Add component (AddParameter): Name = "温度漂移"; Value = "X7R（15%）"; VariantName = "[No Variations]"
Add component (AddParameter): Name = "温度范围"; Value = "-55°C ~ 125°C"; VariantName = "[No Variations]"
Add component (AddParameter): Name = "生产商"; Value = "YAGEO(国巨)"; VariantName = "[No Variations]"
Add component (AddParameter): Name = "生产商零件编码"; Value = "CC0402KRX7R7BB104"; VariantName = "[No Variations]"
Add component (AddParameter): Name = "立创编号"; Value = "C60474"; VariantName = "[No Variations]"
Add component (AddParameter): Name = "类型备注"; Value = ""; VariantName = "[No Variations]"
Added Component: Designator=C12(C 0402_L)
Add component (AddParameter): Name = "主类型"; Value = "电容"; VariantName = "[No Variations]"
Add component (AddParameter): Name = "值/型号"; Value = "100nF/16V"; VariantName = "[No Variations]"
Add component (AddParameter): Name = "值精度"; Value = "±10%"; VariantName = "[No Variations]"
Add component (AddParameter): Name = "元件封装"; Value = "0402"; VariantName = "[No Variations]"
Add component (AddParameter): Name = "具体类型"; Value = "陶瓷电容"; VariantName = "[No Variations]"
Add component (AddParameter): Name = "封装类型"; Value = "贴片"; VariantName = "[No Variations]"
Add component (AddParameter): Name = "温度漂移"; Value = "X7R（15%）"; VariantName = "[No Variations]"
Add component (AddParameter): Name = "温度范围"; Value = "-55°C ~ 125°C"; VariantName = "[No Variations]"
Add component (AddParameter): Name = "生产商"; Value = "YAGEO(国巨)"; VariantName = "[No Variations]"
Add component (AddParameter): Name = "生产商零件编码"; Value = "CC0402KRX7R7BB104"; VariantName = "[No Variations]"
Add component (AddParameter): Name = "立创编号"; Value = "C60474"; VariantName = "[No Variations]"
Add component (AddParameter): Name = "类型备注"; Value = ""; VariantName = "[No Variations]"
Added Component: Designator=C13(C 0402_L)
Add component (AddParameter): Name = "主类型"; Value = "电容"; VariantName = "[No Variations]"
Add component (AddParameter): Name = "值/型号"; Value = "100nF/16V"; VariantName = "[No Variations]"
Add component (AddParameter): Name = "值精度"; Value = "±10%"; VariantName = "[No Variations]"
Add component (AddParameter): Name = "元件封装"; Value = "0402"; VariantName = "[No Variations]"
Add component (AddParameter): Name = "具体类型"; Value = "陶瓷电容"; VariantName = "[No Variations]"
Add component (AddParameter): Name = "封装类型"; Value = "贴片"; VariantName = "[No Variations]"
Add component (AddParameter): Name = "温度漂移"; Value = "X7R（15%）"; VariantName = "[No Variations]"
Add component (AddParameter): Name = "温度范围"; Value = "-55°C ~ 125°C"; VariantName = "[No Variations]"
Add component (AddParameter): Name = "生产商"; Value = "YAGEO(国巨)"; VariantName = "[No Variations]"
Add component (AddParameter): Name = "生产商零件编码"; Value = "CC0402KRX7R7BB104"; VariantName = "[No Variations]"
Add component (AddParameter): Name = "立创编号"; Value = "C60474"; VariantName = "[No Variations]"
Add component (AddParameter): Name = "类型备注"; Value = ""; VariantName = "[No Variations]"
Added Component: Designator=C14(C 0402_L)
Add component (AddParameter): Name = "主类型"; Value = "电容"; VariantName = "[No Variations]"
Add component (AddParameter): Name = "值/型号"; Value = "100nF/16V"; VariantName = "[No Variations]"
Add component (AddParameter): Name = "值精度"; Value = "±10%"; VariantName = "[No Variations]"
Add component (AddParameter): Name = "元件封装"; Value = "0402"; VariantName = "[No Variations]"
Add component (AddParameter): Name = "具体类型"; Value = "陶瓷电容"; VariantName = "[No Variations]"
Add component (AddParameter): Name = "封装类型"; Value = "贴片"; VariantName = "[No Variations]"
Add component (AddParameter): Name = "温度漂移"; Value = "X7R（15%）"; VariantName = "[No Variations]"
Add component (AddParameter): Name = "温度范围"; Value = "-55°C ~ 125°C"; VariantName = "[No Variations]"
Add component (AddParameter): Name = "生产商"; Value = "YAGEO(国巨)"; VariantName = "[No Variations]"
Add component (AddParameter): Name = "生产商零件编码"; Value = "CC0402KRX7R7BB104"; VariantName = "[No Variations]"
Add component (AddParameter): Name = "立创编号"; Value = "C60474"; VariantName = "[No Variations]"
Add component (AddParameter): Name = "类型备注"; Value = ""; VariantName = "[No Variations]"
Added Component: Designator=C15(C 0402_L)
Add component (AddParameter): Name = "主类型"; Value = "电容"; VariantName = "[No Variations]"
Add component (AddParameter): Name = "值/型号"; Value = "100nF/16V"; VariantName = "[No Variations]"
Add component (AddParameter): Name = "值精度"; Value = "±10%"; VariantName = "[No Variations]"
Add component (AddParameter): Name = "元件封装"; Value = "0402"; VariantName = "[No Variations]"
Add component (AddParameter): Name = "具体类型"; Value = "陶瓷电容"; VariantName = "[No Variations]"
Add component (AddParameter): Name = "封装类型"; Value = "贴片"; VariantName = "[No Variations]"
Add component (AddParameter): Name = "温度漂移"; Value = "X7R（15%）"; VariantName = "[No Variations]"
Add component (AddParameter): Name = "温度范围"; Value = "-55°C ~ 125°C"; VariantName = "[No Variations]"
Add component (AddParameter): Name = "生产商"; Value = "YAGEO(国巨)"; VariantName = "[No Variations]"
Add component (AddParameter): Name = "生产商零件编码"; Value = "CC0402KRX7R7BB104"; VariantName = "[No Variations]"
Add component (AddParameter): Name = "立创编号"; Value = "C60474"; VariantName = "[No Variations]"
Add component (AddParameter): Name = "类型备注"; Value = ""; VariantName = "[No Variations]"
Added Component: Designator=C16(C 0402_L)
Add component (AddParameter): Name = "主类型"; Value = "电容"; VariantName = "[No Variations]"
Add component (AddParameter): Name = "值/型号"; Value = "100nF/16V"; VariantName = "[No Variations]"
Add component (AddParameter): Name = "值精度"; Value = "±10%"; VariantName = "[No Variations]"
Add component (AddParameter): Name = "元件封装"; Value = "0402"; VariantName = "[No Variations]"
Add component (AddParameter): Name = "具体类型"; Value = "陶瓷电容"; VariantName = "[No Variations]"
Add component (AddParameter): Name = "封装类型"; Value = "贴片"; VariantName = "[No Variations]"
Add component (AddParameter): Name = "温度漂移"; Value = "X7R（15%）"; VariantName = "[No Variations]"
Add component (AddParameter): Name = "温度范围"; Value = "-55°C ~ 125°C"; VariantName = "[No Variations]"
Add component (AddParameter): Name = "生产商"; Value = "YAGEO(国巨)"; VariantName = "[No Variations]"
Add component (AddParameter): Name = "生产商零件编码"; Value = "CC0402KRX7R7BB104"; VariantName = "[No Variations]"
Add component (AddParameter): Name = "立创编号"; Value = "C60474"; VariantName = "[No Variations]"
Add component (AddParameter): Name = "类型备注"; Value = ""; VariantName = "[No Variations]"
Added Component: Designator=C17(C 0402_L)
Add component (AddParameter): Name = "主类型"; Value = "电容"; VariantName = "[No Variations]"
Add component (AddParameter): Name = "值/型号"; Value = "100nF/16V"; VariantName = "[No Variations]"
Add component (AddParameter): Name = "值精度"; Value = "±10%"; VariantName = "[No Variations]"
Add component (AddParameter): Name = "元件封装"; Value = "0402"; VariantName = "[No Variations]"
Add component (AddParameter): Name = "具体类型"; Value = "陶瓷电容"; VariantName = "[No Variations]"
Add component (AddParameter): Name = "封装类型"; Value = "贴片"; VariantName = "[No Variations]"
Add component (AddParameter): Name = "温度漂移"; Value = "X7R（15%）"; VariantName = "[No Variations]"
Add component (AddParameter): Name = "温度范围"; Value = "-55°C ~ 125°C"; VariantName = "[No Variations]"
Add component (AddParameter): Name = "生产商"; Value = "YAGEO(国巨)"; VariantName = "[No Variations]"
Add component (AddParameter): Name = "生产商零件编码"; Value = "CC0402KRX7R7BB104"; VariantName = "[No Variations]"
Add component (AddParameter): Name = "立创编号"; Value = "C60474"; VariantName = "[No Variations]"
Add component (AddParameter): Name = "类型备注"; Value = ""; VariantName = "[No Variations]"
Added Component: Designator=C18(C 0402_L)
Add component (AddParameter): Name = "主类型"; Value = "电容"; VariantName = "[No Variations]"
Add component (AddParameter): Name = "值/型号"; Value = "100nF/16V"; VariantName = "[No Variations]"
Add component (AddParameter): Name = "值精度"; Value = "±10%"; VariantName = "[No Variations]"
Add component (AddParameter): Name = "元件封装"; Value = "0402"; VariantName = "[No Variations]"
Add component (AddParameter): Name = "具体类型"; Value = "陶瓷电容"; VariantName = "[No Variations]"
Add component (AddParameter): Name = "封装类型"; Value = "贴片"; VariantName = "[No Variations]"
Add component (AddParameter): Name = "温度漂移"; Value = "X7R（15%）"; VariantName = "[No Variations]"
Add component (AddParameter): Name = "温度范围"; Value = "-55°C ~ 125°C"; VariantName = "[No Variations]"
Add component (AddParameter): Name = "生产商"; Value = "YAGEO(国巨)"; VariantName = "[No Variations]"
Add component (AddParameter): Name = "生产商零件编码"; Value = "CC0402KRX7R7BB104"; VariantName = "[No Variations]"
Add component (AddParameter): Name = "立创编号"; Value = "C60474"; VariantName = "[No Variations]"
Add component (AddParameter): Name = "类型备注"; Value = ""; VariantName = "[No Variations]"
Added Component: Designator=C19(C 0402_L)
Add component (AddParameter): Name = "主类型"; Value = "电容"; VariantName = "[No Variations]"
Add component (AddParameter): Name = "值/型号"; Value = "200pF/50V"; VariantName = "[No Variations]"
Add component (AddParameter): Name = "值精度"; Value = "±5%"; VariantName = "[No Variations]"
Add component (AddParameter): Name = "元件封装"; Value = "0402"; VariantName = "[No Variations]"
Add component (AddParameter): Name = "具体类型"; Value = "陶瓷电容"; VariantName = "[No Variations]"
Add component (AddParameter): Name = "封装类型"; Value = "贴片"; VariantName = "[No Variations]"
Add component (AddParameter): Name = "温度漂移"; Value = "X7R（15%）"; VariantName = "[No Variations]"
Add component (AddParameter): Name = "温度范围"; Value = "-55°C ~ 125°C"; VariantName = "[No Variations]"
Add component (AddParameter): Name = "生产商"; Value = "YAGEO(国巨)"; VariantName = "[No Variations]"
Add component (AddParameter): Name = "生产商零件编码"; Value = "CC0402JRNPO9BN201"; VariantName = "[No Variations]"
Add component (AddParameter): Name = "立创编号"; Value = "C325462"; VariantName = "[No Variations]"
Add component (AddParameter): Name = "类型备注"; Value = ""; VariantName = "[No Variations]"
Added Component: Designator=C20(C 0402_L)
Add component (AddParameter): Name = "主类型"; Value = "电容"; VariantName = "[No Variations]"
Add component (AddParameter): Name = "值/型号"; Value = "200pF/50V"; VariantName = "[No Variations]"
Add component (AddParameter): Name = "值精度"; Value = "±5%"; VariantName = "[No Variations]"
Add component (AddParameter): Name = "元件封装"; Value = "0402"; VariantName = "[No Variations]"
Add component (AddParameter): Name = "具体类型"; Value = "陶瓷电容"; VariantName = "[No Variations]"
Add component (AddParameter): Name = "封装类型"; Value = "贴片"; VariantName = "[No Variations]"
Add component (AddParameter): Name = "温度漂移"; Value = "X7R（15%）"; VariantName = "[No Variations]"
Add component (AddParameter): Name = "温度范围"; Value = "-55°C ~ 125°C"; VariantName = "[No Variations]"
Add component (AddParameter): Name = "生产商"; Value = "YAGEO(国巨)"; VariantName = "[No Variations]"
Add component (AddParameter): Name = "生产商零件编码"; Value = "CC0402JRNPO9BN201"; VariantName = "[No Variations]"
Add component (AddParameter): Name = "立创编号"; Value = "C325462"; VariantName = "[No Variations]"
Add component (AddParameter): Name = "类型备注"; Value = ""; VariantName = "[No Variations]"
Added Component: Designator=C21(C 0402_L)
Add component (AddParameter): Name = "主类型"; Value = "电容"; VariantName = "[No Variations]"
Add component (AddParameter): Name = "值/型号"; Value = "200pF/50V"; VariantName = "[No Variations]"
Add component (AddParameter): Name = "值精度"; Value = "±5%"; VariantName = "[No Variations]"
Add component (AddParameter): Name = "元件封装"; Value = "0402"; VariantName = "[No Variations]"
Add component (AddParameter): Name = "具体类型"; Value = "陶瓷电容"; VariantName = "[No Variations]"
Add component (AddParameter): Name = "封装类型"; Value = "贴片"; VariantName = "[No Variations]"
Add component (AddParameter): Name = "温度漂移"; Value = "X7R（15%）"; VariantName = "[No Variations]"
Add component (AddParameter): Name = "温度范围"; Value = "-55°C ~ 125°C"; VariantName = "[No Variations]"
Add component (AddParameter): Name = "生产商"; Value = "YAGEO(国巨)"; VariantName = "[No Variations]"
Add component (AddParameter): Name = "生产商零件编码"; Value = "CC0402JRNPO9BN201"; VariantName = "[No Variations]"
Add component (AddParameter): Name = "立创编号"; Value = "C325462"; VariantName = "[No Variations]"
Add component (AddParameter): Name = "类型备注"; Value = ""; VariantName = "[No Variations]"
Added Component: Designator=C22(C 0402_L)
Add component (AddParameter): Name = "主类型"; Value = "电容"; VariantName = "[No Variations]"
Add component (AddParameter): Name = "值/型号"; Value = "200pF/50V"; VariantName = "[No Variations]"
Add component (AddParameter): Name = "值精度"; Value = "±5%"; VariantName = "[No Variations]"
Add component (AddParameter): Name = "元件封装"; Value = "0402"; VariantName = "[No Variations]"
Add component (AddParameter): Name = "具体类型"; Value = "陶瓷电容"; VariantName = "[No Variations]"
Add component (AddParameter): Name = "封装类型"; Value = "贴片"; VariantName = "[No Variations]"
Add component (AddParameter): Name = "温度漂移"; Value = "X7R（15%）"; VariantName = "[No Variations]"
Add component (AddParameter): Name = "温度范围"; Value = "-55°C ~ 125°C"; VariantName = "[No Variations]"
Add component (AddParameter): Name = "生产商"; Value = "YAGEO(国巨)"; VariantName = "[No Variations]"
Add component (AddParameter): Name = "生产商零件编码"; Value = "CC0402JRNPO9BN201"; VariantName = "[No Variations]"
Add component (AddParameter): Name = "立创编号"; Value = "C325462"; VariantName = "[No Variations]"
Add component (AddParameter): Name = "类型备注"; Value = ""; VariantName = "[No Variations]"
Added Component: Designator=D1(SOD-123)
Add component (AddParameter): Name = "主类型"; Value = "二极管"; VariantName = "[No Variations]"
Add component (AddParameter): Name = "值/型号"; Value = "BZT52C15"; VariantName = "[No Variations]"
Add component (AddParameter): Name = "值精度"; Value = ""; VariantName = "[No Variations]"
Add component (AddParameter): Name = "元件封装"; Value = "SOD-123"; VariantName = "[No Variations]"
Add component (AddParameter): Name = "具体类型"; Value = "稳压二极管"; VariantName = "[No Variations]"
Add component (AddParameter): Name = "封装类型"; Value = "贴片"; VariantName = "[No Variations]"
Add component (AddParameter): Name = "温度漂移"; Value = ""; VariantName = "[No Variations]"
Add component (AddParameter): Name = "温度范围"; Value = ""; VariantName = "[No Variations]"
Add component (AddParameter): Name = "生产商"; Value = "MDD"; VariantName = "[No Variations]"
Add component (AddParameter): Name = "生产商零件编码"; Value = "BZT52C15"; VariantName = "[No Variations]"
Add component (AddParameter): Name = "立创编号"; Value = "C173427"; VariantName = "[No Variations]"
Add component (AddParameter): Name = "类型备注"; Value = ""; VariantName = "[No Variations]"
Added Component: Designator=E1(CD E(7343H))
Add component (AddParameter): Name = "主类型"; Value = "电容"; VariantName = "[No Variations]"
Add component (AddParameter): Name = "值/型号"; Value = "4.7uF/35V"; VariantName = "[No Variations]"
Add component (AddParameter): Name = "值精度"; Value = "±20%"; VariantName = "[No Variations]"
Add component (AddParameter): Name = "元件封装"; Value = "CASE-D_7343"; VariantName = "[No Variations]"
Add component (AddParameter): Name = "具体类型"; Value = "聚合物电容"; VariantName = "[No Variations]"
Add component (AddParameter): Name = "封装类型"; Value = "贴片"; VariantName = "[No Variations]"
Add component (AddParameter): Name = "温度漂移"; Value = ""; VariantName = "[No Variations]"
Add component (AddParameter): Name = "温度范围"; Value = "-55℃ ~ +105℃"; VariantName = "[No Variations]"
Add component (AddParameter): Name = "生产商"; Value = "VISHAY(威世)"; VariantName = "[No Variations]"
Add component (AddParameter): Name = "生产商零件编码"; Value = "293D475X0035D2TE3"; VariantName = "[No Variations]"
Add component (AddParameter): Name = "立创编号"; Value = "C215880"; VariantName = "[No Variations]"
Add component (AddParameter): Name = "类型备注"; Value = ""; VariantName = "[No Variations]"
Added Component: Designator=E2(CD E(7343H))
Add component (AddParameter): Name = "主类型"; Value = "电容"; VariantName = "[No Variations]"
Add component (AddParameter): Name = "值/型号"; Value = "4.7uF/35V"; VariantName = "[No Variations]"
Add component (AddParameter): Name = "值精度"; Value = "±20%"; VariantName = "[No Variations]"
Add component (AddParameter): Name = "元件封装"; Value = "CASE-D_7343"; VariantName = "[No Variations]"
Add component (AddParameter): Name = "具体类型"; Value = "聚合物电容"; VariantName = "[No Variations]"
Add component (AddParameter): Name = "封装类型"; Value = "贴片"; VariantName = "[No Variations]"
Add component (AddParameter): Name = "温度漂移"; Value = ""; VariantName = "[No Variations]"
Add component (AddParameter): Name = "温度范围"; Value = "-55℃ ~ +105℃"; VariantName = "[No Variations]"
Add component (AddParameter): Name = "生产商"; Value = "VISHAY(威世)"; VariantName = "[No Variations]"
Add component (AddParameter): Name = "生产商零件编码"; Value = "293D475X0035D2TE3"; VariantName = "[No Variations]"
Add component (AddParameter): Name = "立创编号"; Value = "C215880"; VariantName = "[No Variations]"
Add component (AddParameter): Name = "类型备注"; Value = ""; VariantName = "[No Variations]"
Added Component: Designator=E3(CD A(3216))
Add component (AddParameter): Name = "主类型"; Value = "电容"; VariantName = "[No Variations]"
Add component (AddParameter): Name = "值/型号"; Value = "4.7uF/16V"; VariantName = "[No Variations]"
Add component (AddParameter): Name = "值精度"; Value = "±20%"; VariantName = "[No Variations]"
Add component (AddParameter): Name = "元件封装"; Value = "CASE-A_3216"; VariantName = "[No Variations]"
Add component (AddParameter): Name = "具体类型"; Value = "聚合物电容"; VariantName = "[No Variations]"
Add component (AddParameter): Name = "封装类型"; Value = "贴片"; VariantName = "[No Variations]"
Add component (AddParameter): Name = "温度漂移"; Value = ""; VariantName = "[No Variations]"
Add component (AddParameter): Name = "温度范围"; Value = "-55℃ ~ +105℃"; VariantName = "[No Variations]"
Add component (AddParameter): Name = "生产商"; Value = "Sunlord(顺络)"; VariantName = "[No Variations]"
Add component (AddParameter): Name = "生产商零件编码"; Value = "TC211A475M016A"; VariantName = "[No Variations]"
Add component (AddParameter): Name = "立创编号"; Value = "C136628"; VariantName = "[No Variations]"
Add component (AddParameter): Name = "类型备注"; Value = ""; VariantName = "[No Variations]"
Added Component: Designator=E4(CD A(3216))
Add component (AddParameter): Name = "主类型"; Value = "电容"; VariantName = "[No Variations]"
Add component (AddParameter): Name = "值/型号"; Value = "4.7uF/16V"; VariantName = "[No Variations]"
Add component (AddParameter): Name = "值精度"; Value = "±20%"; VariantName = "[No Variations]"
Add component (AddParameter): Name = "元件封装"; Value = "CASE-A_3216"; VariantName = "[No Variations]"
Add component (AddParameter): Name = "具体类型"; Value = "聚合物电容"; VariantName = "[No Variations]"
Add component (AddParameter): Name = "封装类型"; Value = "贴片"; VariantName = "[No Variations]"
Add component (AddParameter): Name = "温度漂移"; Value = ""; VariantName = "[No Variations]"
Add component (AddParameter): Name = "温度范围"; Value = "-55℃ ~ +105℃"; VariantName = "[No Variations]"
Add component (AddParameter): Name = "生产商"; Value = "Sunlord(顺络)"; VariantName = "[No Variations]"
Add component (AddParameter): Name = "生产商零件编码"; Value = "TC211A475M016A"; VariantName = "[No Variations]"
Add component (AddParameter): Name = "立创编号"; Value = "C136628"; VariantName = "[No Variations]"
Add component (AddParameter): Name = "类型备注"; Value = ""; VariantName = "[No Variations]"
Added Component: Designator=JP1(HDR2.54-LI-2x3P)
Add component (AddParameter): Name = "BOM名称"; Value = "3*2P接插件"; VariantName = "[No Variations]"
Add component (AddParameter): Name = "学习资源"; Value = "www.ooocke.com"; VariantName = "[No Variations]"
Add component (AddParameter): Name = "版权归属"; Value = "源创客"; VariantName = "[No Variations]"
Added Component: Designator=JP2(HDR2.54-LI-2x3P)
Add component (AddParameter): Name = "BOM名称"; Value = "3*2P接插件"; VariantName = "[No Variations]"
Add component (AddParameter): Name = "学习资源"; Value = "www.ooocke.com"; VariantName = "[No Variations]"
Add component (AddParameter): Name = "版权归属"; Value = "源创客"; VariantName = "[No Variations]"
Added Component: Designator=JP3(HDR2.54-LI-14P)
Add component (AddParameter): Name = "BOM名称"; Value = "14P接插件"; VariantName = "[No Variations]"
Add component (AddParameter): Name = "学习资源"; Value = "www.ooocke.com"; VariantName = "[No Variations]"
Add component (AddParameter): Name = "版权归属"; Value = "源创客"; VariantName = "[No Variations]"
Added Component: Designator=LED1(LED)
Add component (AddParameter): Name = "主类型"; Value = ""; VariantName = "[No Variations]"
Add component (AddParameter): Name = "值/型号"; Value = ""; VariantName = "[No Variations]"
Add component (AddParameter): Name = "值精度"; Value = ""; VariantName = "[No Variations]"
Add component (AddParameter): Name = "元件封装"; Value = ""; VariantName = "[No Variations]"
Add component (AddParameter): Name = "具体类型"; Value = ""; VariantName = "[No Variations]"
Add component (AddParameter): Name = "封装类型"; Value = ""; VariantName = "[No Variations]"
Add component (AddParameter): Name = "温度漂移"; Value = ""; VariantName = "[No Variations]"
Add component (AddParameter): Name = "温度范围"; Value = ""; VariantName = "[No Variations]"
Add component (AddParameter): Name = "生产商"; Value = ""; VariantName = "[No Variations]"
Add component (AddParameter): Name = "生产商零件编码"; Value = ""; VariantName = "[No Variations]"
Add component (AddParameter): Name = "立创编号"; Value = ""; VariantName = "[No Variations]"
Add component (AddParameter): Name = "类型备注"; Value = ""; VariantName = "[No Variations]"
Added Component: Designator=P1(SMA)
Add component (AddParameter): Name = "主类型"; Value = ""; VariantName = "[No Variations]"
Add component (AddParameter): Name = "值/型号"; Value = ""; VariantName = "[No Variations]"
Add component (AddParameter): Name = "值精度"; Value = ""; VariantName = "[No Variations]"
Add component (AddParameter): Name = "元件封装"; Value = ""; VariantName = "[No Variations]"
Add component (AddParameter): Name = "具体类型"; Value = ""; VariantName = "[No Variations]"
Add component (AddParameter): Name = "封装类型"; Value = ""; VariantName = "[No Variations]"
Add component (AddParameter): Name = "温度漂移"; Value = ""; VariantName = "[No Variations]"
Add component (AddParameter): Name = "温度范围"; Value = ""; VariantName = "[No Variations]"
Add component (AddParameter): Name = "生产商"; Value = ""; VariantName = "[No Variations]"
Add component (AddParameter): Name = "生产商零件编码"; Value = ""; VariantName = "[No Variations]"
Add component (AddParameter): Name = "立创编号"; Value = ""; VariantName = "[No Variations]"
Add component (AddParameter): Name = "类型备注"; Value = ""; VariantName = "[No Variations]"
Added Component: Designator=P2(SMA)
Add component (AddParameter): Name = "主类型"; Value = ""; VariantName = "[No Variations]"
Add component (AddParameter): Name = "值/型号"; Value = ""; VariantName = "[No Variations]"
Add component (AddParameter): Name = "值精度"; Value = ""; VariantName = "[No Variations]"
Add component (AddParameter): Name = "元件封装"; Value = ""; VariantName = "[No Variations]"
Add component (AddParameter): Name = "具体类型"; Value = ""; VariantName = "[No Variations]"
Add component (AddParameter): Name = "封装类型"; Value = ""; VariantName = "[No Variations]"
Add component (AddParameter): Name = "温度漂移"; Value = ""; VariantName = "[No Variations]"
Add component (AddParameter): Name = "温度范围"; Value = ""; VariantName = "[No Variations]"
Add component (AddParameter): Name = "生产商"; Value = ""; VariantName = "[No Variations]"
Add component (AddParameter): Name = "生产商零件编码"; Value = ""; VariantName = "[No Variations]"
Add component (AddParameter): Name = "立创编号"; Value = ""; VariantName = "[No Variations]"
Add component (AddParameter): Name = "类型备注"; Value = ""; VariantName = "[No Variations]"
Added Component: Designator=P3(SMA)
Add component (AddParameter): Name = "主类型"; Value = ""; VariantName = "[No Variations]"
Add component (AddParameter): Name = "值/型号"; Value = ""; VariantName = "[No Variations]"
Add component (AddParameter): Name = "值精度"; Value = ""; VariantName = "[No Variations]"
Add component (AddParameter): Name = "元件封装"; Value = ""; VariantName = "[No Variations]"
Add component (AddParameter): Name = "具体类型"; Value = ""; VariantName = "[No Variations]"
Add component (AddParameter): Name = "封装类型"; Value = ""; VariantName = "[No Variations]"
Add component (AddParameter): Name = "温度漂移"; Value = ""; VariantName = "[No Variations]"
Add component (AddParameter): Name = "温度范围"; Value = ""; VariantName = "[No Variations]"
Add component (AddParameter): Name = "生产商"; Value = ""; VariantName = "[No Variations]"
Add component (AddParameter): Name = "生产商零件编码"; Value = ""; VariantName = "[No Variations]"
Add component (AddParameter): Name = "立创编号"; Value = ""; VariantName = "[No Variations]"
Add component (AddParameter): Name = "类型备注"; Value = ""; VariantName = "[No Variations]"
Added Component: Designator=P4(SMA)
Add component (AddParameter): Name = "主类型"; Value = ""; VariantName = "[No Variations]"
Add component (AddParameter): Name = "值/型号"; Value = ""; VariantName = "[No Variations]"
Add component (AddParameter): Name = "值精度"; Value = ""; VariantName = "[No Variations]"
Add component (AddParameter): Name = "元件封装"; Value = ""; VariantName = "[No Variations]"
Add component (AddParameter): Name = "具体类型"; Value = ""; VariantName = "[No Variations]"
Add component (AddParameter): Name = "封装类型"; Value = ""; VariantName = "[No Variations]"
Add component (AddParameter): Name = "温度漂移"; Value = ""; VariantName = "[No Variations]"
Add component (AddParameter): Name = "温度范围"; Value = ""; VariantName = "[No Variations]"
Add component (AddParameter): Name = "生产商"; Value = ""; VariantName = "[No Variations]"
Add component (AddParameter): Name = "生产商零件编码"; Value = ""; VariantName = "[No Variations]"
Add component (AddParameter): Name = "立创编号"; Value = ""; VariantName = "[No Variations]"
Add component (AddParameter): Name = "类型备注"; Value = ""; VariantName = "[No Variations]"
Added Component: Designator=R1(R 0402_L)
Add component (AddParameter): Name = "主类型"; Value = "电阻"; VariantName = "[No Variations]"
Add component (AddParameter): Name = "值/型号"; Value = "100K"; VariantName = "[No Variations]"
Add component (AddParameter): Name = "值精度"; Value = "±1%"; VariantName = "[No Variations]"
Add component (AddParameter): Name = "元件封装"; Value = "0402"; VariantName = "[No Variations]"
Add component (AddParameter): Name = "具体类型"; Value = "贴片电阻"; VariantName = "[No Variations]"
Add component (AddParameter): Name = "封装类型"; Value = "贴片"; VariantName = "[No Variations]"
Add component (AddParameter): Name = "温度漂移"; Value = "±100ppm/℃"; VariantName = "[No Variations]"
Add component (AddParameter): Name = "温度范围"; Value = ""; VariantName = "[No Variations]"
Add component (AddParameter): Name = "生产商"; Value = "国巨"; VariantName = "[No Variations]"
Add component (AddParameter): Name = "生产商零件编码"; Value = "RC0402FR-07100KL"; VariantName = "[No Variations]"
Add component (AddParameter): Name = "立创编号"; Value = "C60491"; VariantName = "[No Variations]"
Add component (AddParameter): Name = "类型备注"; Value = ""; VariantName = "[No Variations]"
Added Component: Designator=R2(R 0402_L)
Add component (AddParameter): Name = "主类型"; Value = "电阻"; VariantName = "[No Variations]"
Add component (AddParameter): Name = "值/型号"; Value = "10K"; VariantName = "[No Variations]"
Add component (AddParameter): Name = "值精度"; Value = "±1%"; VariantName = "[No Variations]"
Add component (AddParameter): Name = "元件封装"; Value = "0402"; VariantName = "[No Variations]"
Add component (AddParameter): Name = "具体类型"; Value = "贴片电阻"; VariantName = "[No Variations]"
Add component (AddParameter): Name = "封装类型"; Value = "贴片"; VariantName = "[No Variations]"
Add component (AddParameter): Name = "温度漂移"; Value = "±100ppm/℃"; VariantName = "[No Variations]"
Add component (AddParameter): Name = "温度范围"; Value = ""; VariantName = "[No Variations]"
Add component (AddParameter): Name = "生产商"; Value = "?YAGEO（国巨）"; VariantName = "[No Variations]"
Add component (AddParameter): Name = "生产商零件编码"; Value = "RC0402FR-0710KL"; VariantName = "[No Variations]"
Add component (AddParameter): Name = "立创编号"; Value = "C60490"; VariantName = "[No Variations]"
Add component (AddParameter): Name = "类型备注"; Value = ""; VariantName = "[No Variations]"
Added Component: Designator=R3(R 0402_L)
Add component (AddParameter): Name = "主类型"; Value = "电阻"; VariantName = "[No Variations]"
Add component (AddParameter): Name = "值/型号"; Value = "15K"; VariantName = "[No Variations]"
Add component (AddParameter): Name = "值精度"; Value = "±1%"; VariantName = "[No Variations]"
Add component (AddParameter): Name = "元件封装"; Value = "0402"; VariantName = "[No Variations]"
Add component (AddParameter): Name = "具体类型"; Value = "贴片电阻"; VariantName = "[No Variations]"
Add component (AddParameter): Name = "封装类型"; Value = "贴片"; VariantName = "[No Variations]"
Add component (AddParameter): Name = "温度漂移"; Value = "50ppm"; VariantName = "[No Variations]"
Add component (AddParameter): Name = "温度范围"; Value = ""; VariantName = "[No Variations]"
Add component (AddParameter): Name = "生产商"; Value = "国巨"; VariantName = "[No Variations]"
Add component (AddParameter): Name = "生产商零件编码"; Value = "RT0402FRE0715KL"; VariantName = "[No Variations]"
Add component (AddParameter): Name = "立创编号"; Value = "C136975"; VariantName = "[No Variations]"
Add component (AddParameter): Name = "类型备注"; Value = ""; VariantName = "[No Variations]"
Added Component: Designator=R4(R 0402_L)
Add component (AddParameter): Name = "主类型"; Value = "电阻"; VariantName = "[No Variations]"
Add component (AddParameter): Name = "值/型号"; Value = "100K"; VariantName = "[No Variations]"
Add component (AddParameter): Name = "值精度"; Value = "±1%"; VariantName = "[No Variations]"
Add component (AddParameter): Name = "元件封装"; Value = "0402"; VariantName = "[No Variations]"
Add component (AddParameter): Name = "具体类型"; Value = "贴片电阻"; VariantName = "[No Variations]"
Add component (AddParameter): Name = "封装类型"; Value = "贴片"; VariantName = "[No Variations]"
Add component (AddParameter): Name = "温度漂移"; Value = "±100ppm/℃"; VariantName = "[No Variations]"
Add component (AddParameter): Name = "温度范围"; Value = ""; VariantName = "[No Variations]"
Add component (AddParameter): Name = "生产商"; Value = "国巨"; VariantName = "[No Variations]"
Add component (AddParameter): Name = "生产商零件编码"; Value = "RC0402FR-07100KL"; VariantName = "[No Variations]"
Add component (AddParameter): Name = "立创编号"; Value = "C60491"; VariantName = "[No Variations]"
Add component (AddParameter): Name = "类型备注"; Value = ""; VariantName = "[No Variations]"
Added Component: Designator=R5(R 0402_L)
Add component (AddParameter): Name = "主类型"; Value = "电阻"; VariantName = "[No Variations]"
Add component (AddParameter): Name = "值/型号"; Value = "10K"; VariantName = "[No Variations]"
Add component (AddParameter): Name = "值精度"; Value = "±1%"; VariantName = "[No Variations]"
Add component (AddParameter): Name = "元件封装"; Value = "0402"; VariantName = "[No Variations]"
Add component (AddParameter): Name = "具体类型"; Value = "贴片电阻"; VariantName = "[No Variations]"
Add component (AddParameter): Name = "封装类型"; Value = "贴片"; VariantName = "[No Variations]"
Add component (AddParameter): Name = "温度漂移"; Value = "±100ppm/℃"; VariantName = "[No Variations]"
Add component (AddParameter): Name = "温度范围"; Value = ""; VariantName = "[No Variations]"
Add component (AddParameter): Name = "生产商"; Value = "?YAGEO（国巨）"; VariantName = "[No Variations]"
Add component (AddParameter): Name = "生产商零件编码"; Value = "RC0402FR-0710KL"; VariantName = "[No Variations]"
Add component (AddParameter): Name = "立创编号"; Value = "C60490"; VariantName = "[No Variations]"
Add component (AddParameter): Name = "类型备注"; Value = ""; VariantName = "[No Variations]"
Added Component: Designator=R6(R 0402_L)
Add component (AddParameter): Name = "主类型"; Value = "电阻"; VariantName = "[No Variations]"
Add component (AddParameter): Name = "值/型号"; Value = "2K"; VariantName = "[No Variations]"
Add component (AddParameter): Name = "值精度"; Value = "±0.1%"; VariantName = "[No Variations]"
Add component (AddParameter): Name = "元件封装"; Value = "0402"; VariantName = "[No Variations]"
Add component (AddParameter): Name = "具体类型"; Value = "贴片电阻"; VariantName = "[No Variations]"
Add component (AddParameter): Name = "封装类型"; Value = "贴片"; VariantName = "[No Variations]"
Add component (AddParameter): Name = "温度漂移"; Value = "±100ppm/℃"; VariantName = "[No Variations]"
Add component (AddParameter): Name = "温度范围"; Value = ""; VariantName = "[No Variations]"
Add component (AddParameter): Name = "生产商"; Value = "光颉(Viking)"; VariantName = "[No Variations]"
Add component (AddParameter): Name = "生产商零件编码"; Value = "AR02BTC2001"; VariantName = "[No Variations]"
Add component (AddParameter): Name = "立创编号"; Value = "C317918"; VariantName = "[No Variations]"
Add component (AddParameter): Name = "类型备注"; Value = ""; VariantName = "[No Variations]"
Added Component: Designator=R7(R 0402_L)
Add component (AddParameter): Name = "主类型"; Value = "电阻"; VariantName = "[No Variations]"
Add component (AddParameter): Name = "值/型号"; Value = "10K"; VariantName = "[No Variations]"
Add component (AddParameter): Name = "值精度"; Value = "±1%"; VariantName = "[No Variations]"
Add component (AddParameter): Name = "元件封装"; Value = "0402"; VariantName = "[No Variations]"
Add component (AddParameter): Name = "具体类型"; Value = "贴片电阻"; VariantName = "[No Variations]"
Add component (AddParameter): Name = "封装类型"; Value = "贴片"; VariantName = "[No Variations]"
Add component (AddParameter): Name = "温度漂移"; Value = "±100ppm/℃"; VariantName = "[No Variations]"
Add component (AddParameter): Name = "温度范围"; Value = ""; VariantName = "[No Variations]"
Add component (AddParameter): Name = "生产商"; Value = "?YAGEO（国巨）"; VariantName = "[No Variations]"
Add component (AddParameter): Name = "生产商零件编码"; Value = "RC0402FR-0710KL"; VariantName = "[No Variations]"
Add component (AddParameter): Name = "立创编号"; Value = "C60490"; VariantName = "[No Variations]"
Add component (AddParameter): Name = "类型备注"; Value = ""; VariantName = "[No Variations]"
Added Component: Designator=R8(R 0402_L)
Add component (AddParameter): Name = "主类型"; Value = "电阻"; VariantName = "[No Variations]"
Add component (AddParameter): Name = "值/型号"; Value = "10K"; VariantName = "[No Variations]"
Add component (AddParameter): Name = "值精度"; Value = "±1%"; VariantName = "[No Variations]"
Add component (AddParameter): Name = "元件封装"; Value = "0402"; VariantName = "[No Variations]"
Add component (AddParameter): Name = "具体类型"; Value = "贴片电阻"; VariantName = "[No Variations]"
Add component (AddParameter): Name = "封装类型"; Value = "贴片"; VariantName = "[No Variations]"
Add component (AddParameter): Name = "温度漂移"; Value = "±100ppm/℃"; VariantName = "[No Variations]"
Add component (AddParameter): Name = "温度范围"; Value = ""; VariantName = "[No Variations]"
Add component (AddParameter): Name = "生产商"; Value = "?YAGEO（国巨）"; VariantName = "[No Variations]"
Add component (AddParameter): Name = "生产商零件编码"; Value = "RC0402FR-0710KL"; VariantName = "[No Variations]"
Add component (AddParameter): Name = "立创编号"; Value = "C60490"; VariantName = "[No Variations]"
Add component (AddParameter): Name = "类型备注"; Value = ""; VariantName = "[No Variations]"
Added Component: Designator=R9(R 0402_L)
Add component (AddParameter): Name = "主类型"; Value = "电阻"; VariantName = "[No Variations]"
Add component (AddParameter): Name = "值/型号"; Value = "10K"; VariantName = "[No Variations]"
Add component (AddParameter): Name = "值精度"; Value = "±1%"; VariantName = "[No Variations]"
Add component (AddParameter): Name = "元件封装"; Value = "0402"; VariantName = "[No Variations]"
Add component (AddParameter): Name = "具体类型"; Value = "贴片电阻"; VariantName = "[No Variations]"
Add component (AddParameter): Name = "封装类型"; Value = "贴片"; VariantName = "[No Variations]"
Add component (AddParameter): Name = "温度漂移"; Value = "±100ppm/℃"; VariantName = "[No Variations]"
Add component (AddParameter): Name = "温度范围"; Value = ""; VariantName = "[No Variations]"
Add component (AddParameter): Name = "生产商"; Value = "?YAGEO（国巨）"; VariantName = "[No Variations]"
Add component (AddParameter): Name = "生产商零件编码"; Value = "RC0402FR-0710KL"; VariantName = "[No Variations]"
Add component (AddParameter): Name = "立创编号"; Value = "C60490"; VariantName = "[No Variations]"
Add component (AddParameter): Name = "类型备注"; Value = ""; VariantName = "[No Variations]"
Added Component: Designator=R10(R 0402_L)
Add component (AddParameter): Name = "主类型"; Value = "电阻"; VariantName = "[No Variations]"
Add component (AddParameter): Name = "值/型号"; Value = "10K"; VariantName = "[No Variations]"
Add component (AddParameter): Name = "值精度"; Value = "±1%"; VariantName = "[No Variations]"
Add component (AddParameter): Name = "元件封装"; Value = "0402"; VariantName = "[No Variations]"
Add component (AddParameter): Name = "具体类型"; Value = "贴片电阻"; VariantName = "[No Variations]"
Add component (AddParameter): Name = "封装类型"; Value = "贴片"; VariantName = "[No Variations]"
Add component (AddParameter): Name = "温度漂移"; Value = "±100ppm/℃"; VariantName = "[No Variations]"
Add component (AddParameter): Name = "温度范围"; Value = ""; VariantName = "[No Variations]"
Add component (AddParameter): Name = "生产商"; Value = "?YAGEO（国巨）"; VariantName = "[No Variations]"
Add component (AddParameter): Name = "生产商零件编码"; Value = "RC0402FR-0710KL"; VariantName = "[No Variations]"
Add component (AddParameter): Name = "立创编号"; Value = "C60490"; VariantName = "[No Variations]"
Add component (AddParameter): Name = "类型备注"; Value = ""; VariantName = "[No Variations]"
Added Component: Designator=R11(R 0402_L)
Add component (AddParameter): Name = "主类型"; Value = "电阻"; VariantName = "[No Variations]"
Add component (AddParameter): Name = "值/型号"; Value = "100K"; VariantName = "[No Variations]"
Add component (AddParameter): Name = "值精度"; Value = "±1%"; VariantName = "[No Variations]"
Add component (AddParameter): Name = "元件封装"; Value = "0402"; VariantName = "[No Variations]"
Add component (AddParameter): Name = "具体类型"; Value = "贴片电阻"; VariantName = "[No Variations]"
Add component (AddParameter): Name = "封装类型"; Value = "贴片"; VariantName = "[No Variations]"
Add component (AddParameter): Name = "温度漂移"; Value = "±100ppm/℃"; VariantName = "[No Variations]"
Add component (AddParameter): Name = "温度范围"; Value = ""; VariantName = "[No Variations]"
Add component (AddParameter): Name = "生产商"; Value = "国巨"; VariantName = "[No Variations]"
Add component (AddParameter): Name = "生产商零件编码"; Value = "RC0402FR-07100KL"; VariantName = "[No Variations]"
Add component (AddParameter): Name = "立创编号"; Value = "C60491"; VariantName = "[No Variations]"
Add component (AddParameter): Name = "类型备注"; Value = ""; VariantName = "[No Variations]"
Added Component: Designator=R12(R 0402_L)
Add component (AddParameter): Name = "主类型"; Value = "电阻"; VariantName = "[No Variations]"
Add component (AddParameter): Name = "值/型号"; Value = "2K"; VariantName = "[No Variations]"
Add component (AddParameter): Name = "值精度"; Value = "±0.1%"; VariantName = "[No Variations]"
Add component (AddParameter): Name = "元件封装"; Value = "0402"; VariantName = "[No Variations]"
Add component (AddParameter): Name = "具体类型"; Value = "贴片电阻"; VariantName = "[No Variations]"
Add component (AddParameter): Name = "封装类型"; Value = "贴片"; VariantName = "[No Variations]"
Add component (AddParameter): Name = "温度漂移"; Value = "±100ppm/℃"; VariantName = "[No Variations]"
Add component (AddParameter): Name = "温度范围"; Value = ""; VariantName = "[No Variations]"
Add component (AddParameter): Name = "生产商"; Value = "光颉(Viking)"; VariantName = "[No Variations]"
Add component (AddParameter): Name = "生产商零件编码"; Value = "AR02BTC2001"; VariantName = "[No Variations]"
Add component (AddParameter): Name = "立创编号"; Value = "C317918"; VariantName = "[No Variations]"
Add component (AddParameter): Name = "类型备注"; Value = ""; VariantName = "[No Variations]"
Added Component: Designator=R13(R 0402_L)
Add component (AddParameter): Name = "主类型"; Value = "电阻"; VariantName = "[No Variations]"
Add component (AddParameter): Name = "值/型号"; Value = "100K"; VariantName = "[No Variations]"
Add component (AddParameter): Name = "值精度"; Value = "±1%"; VariantName = "[No Variations]"
Add component (AddParameter): Name = "元件封装"; Value = "0402"; VariantName = "[No Variations]"
Add component (AddParameter): Name = "具体类型"; Value = "贴片电阻"; VariantName = "[No Variations]"
Add component (AddParameter): Name = "封装类型"; Value = "贴片"; VariantName = "[No Variations]"
Add component (AddParameter): Name = "温度漂移"; Value = "±100ppm/℃"; VariantName = "[No Variations]"
Add component (AddParameter): Name = "温度范围"; Value = ""; VariantName = "[No Variations]"
Add component (AddParameter): Name = "生产商"; Value = "国巨"; VariantName = "[No Variations]"
Add component (AddParameter): Name = "生产商零件编码"; Value = "RC0402FR-07100KL"; VariantName = "[No Variations]"
Add component (AddParameter): Name = "立创编号"; Value = "C60491"; VariantName = "[No Variations]"
Add component (AddParameter): Name = "类型备注"; Value = ""; VariantName = "[No Variations]"
Added Component: Designator=R14(R 0402_L)
Add component (AddParameter): Name = "主类型"; Value = "电阻"; VariantName = "[No Variations]"
Add component (AddParameter): Name = "值/型号"; Value = "100K"; VariantName = "[No Variations]"
Add component (AddParameter): Name = "值精度"; Value = "±1%"; VariantName = "[No Variations]"
Add component (AddParameter): Name = "元件封装"; Value = "0402"; VariantName = "[No Variations]"
Add component (AddParameter): Name = "具体类型"; Value = "贴片电阻"; VariantName = "[No Variations]"
Add component (AddParameter): Name = "封装类型"; Value = "贴片"; VariantName = "[No Variations]"
Add component (AddParameter): Name = "温度漂移"; Value = "±100ppm/℃"; VariantName = "[No Variations]"
Add component (AddParameter): Name = "温度范围"; Value = ""; VariantName = "[No Variations]"
Add component (AddParameter): Name = "生产商"; Value = "国巨"; VariantName = "[No Variations]"
Add component (AddParameter): Name = "生产商零件编码"; Value = "RC0402FR-07100KL"; VariantName = "[No Variations]"
Add component (AddParameter): Name = "立创编号"; Value = "C60491"; VariantName = "[No Variations]"
Add component (AddParameter): Name = "类型备注"; Value = ""; VariantName = "[No Variations]"
Added Component: Designator=R15(R 0402_L)
Add component (AddParameter): Name = "主类型"; Value = "电阻"; VariantName = "[No Variations]"
Add component (AddParameter): Name = "值/型号"; Value = "100K"; VariantName = "[No Variations]"
Add component (AddParameter): Name = "值精度"; Value = "±1%"; VariantName = "[No Variations]"
Add component (AddParameter): Name = "元件封装"; Value = "0402"; VariantName = "[No Variations]"
Add component (AddParameter): Name = "具体类型"; Value = "贴片电阻"; VariantName = "[No Variations]"
Add component (AddParameter): Name = "封装类型"; Value = "贴片"; VariantName = "[No Variations]"
Add component (AddParameter): Name = "温度漂移"; Value = "±100ppm/℃"; VariantName = "[No Variations]"
Add component (AddParameter): Name = "温度范围"; Value = ""; VariantName = "[No Variations]"
Add component (AddParameter): Name = "生产商"; Value = "国巨"; VariantName = "[No Variations]"
Add component (AddParameter): Name = "生产商零件编码"; Value = "RC0402FR-07100KL"; VariantName = "[No Variations]"
Add component (AddParameter): Name = "立创编号"; Value = "C60491"; VariantName = "[No Variations]"
Add component (AddParameter): Name = "类型备注"; Value = ""; VariantName = "[No Variations]"
Added Component: Designator=R16(R 0402_L)
Add component (AddParameter): Name = "主类型"; Value = "电阻"; VariantName = "[No Variations]"
Add component (AddParameter): Name = "值/型号"; Value = "100K"; VariantName = "[No Variations]"
Add component (AddParameter): Name = "值精度"; Value = "±1%"; VariantName = "[No Variations]"
Add component (AddParameter): Name = "元件封装"; Value = "0402"; VariantName = "[No Variations]"
Add component (AddParameter): Name = "具体类型"; Value = "贴片电阻"; VariantName = "[No Variations]"
Add component (AddParameter): Name = "封装类型"; Value = "贴片"; VariantName = "[No Variations]"
Add component (AddParameter): Name = "温度漂移"; Value = "±100ppm/℃"; VariantName = "[No Variations]"
Add component (AddParameter): Name = "温度范围"; Value = ""; VariantName = "[No Variations]"
Add component (AddParameter): Name = "生产商"; Value = "国巨"; VariantName = "[No Variations]"
Add component (AddParameter): Name = "生产商零件编码"; Value = "RC0402FR-07100KL"; VariantName = "[No Variations]"
Add component (AddParameter): Name = "立创编号"; Value = "C60491"; VariantName = "[No Variations]"
Add component (AddParameter): Name = "类型备注"; Value = ""; VariantName = "[No Variations]"
Added Component: Designator=R17(R 0402_L)
Add component (AddParameter): Name = "主类型"; Value = "电阻"; VariantName = "[No Variations]"
Add component (AddParameter): Name = "值/型号"; Value = "100K"; VariantName = "[No Variations]"
Add component (AddParameter): Name = "值精度"; Value = "±1%"; VariantName = "[No Variations]"
Add component (AddParameter): Name = "元件封装"; Value = "0402"; VariantName = "[No Variations]"
Add component (AddParameter): Name = "具体类型"; Value = "贴片电阻"; VariantName = "[No Variations]"
Add component (AddParameter): Name = "封装类型"; Value = "贴片"; VariantName = "[No Variations]"
Add component (AddParameter): Name = "温度漂移"; Value = "±100ppm/℃"; VariantName = "[No Variations]"
Add component (AddParameter): Name = "温度范围"; Value = ""; VariantName = "[No Variations]"
Add component (AddParameter): Name = "生产商"; Value = "国巨"; VariantName = "[No Variations]"
Add component (AddParameter): Name = "生产商零件编码"; Value = "RC0402FR-07100KL"; VariantName = "[No Variations]"
Add component (AddParameter): Name = "立创编号"; Value = "C60491"; VariantName = "[No Variations]"
Add component (AddParameter): Name = "类型备注"; Value = ""; VariantName = "[No Variations]"
Added Component: Designator=R18(R 0402_L)
Add component (AddParameter): Name = "主类型"; Value = "电阻"; VariantName = "[No Variations]"
Add component (AddParameter): Name = "值/型号"; Value = "100K"; VariantName = "[No Variations]"
Add component (AddParameter): Name = "值精度"; Value = "±1%"; VariantName = "[No Variations]"
Add component (AddParameter): Name = "元件封装"; Value = "0402"; VariantName = "[No Variations]"
Add component (AddParameter): Name = "具体类型"; Value = "贴片电阻"; VariantName = "[No Variations]"
Add component (AddParameter): Name = "封装类型"; Value = "贴片"; VariantName = "[No Variations]"
Add component (AddParameter): Name = "温度漂移"; Value = "±100ppm/℃"; VariantName = "[No Variations]"
Add component (AddParameter): Name = "温度范围"; Value = ""; VariantName = "[No Variations]"
Add component (AddParameter): Name = "生产商"; Value = "国巨"; VariantName = "[No Variations]"
Add component (AddParameter): Name = "生产商零件编码"; Value = "RC0402FR-07100KL"; VariantName = "[No Variations]"
Add component (AddParameter): Name = "立创编号"; Value = "C60491"; VariantName = "[No Variations]"
Add component (AddParameter): Name = "类型备注"; Value = ""; VariantName = "[No Variations]"
Added Component: Designator=R19(R 0402_L)
Add component (AddParameter): Name = "主类型"; Value = "电阻"; VariantName = "[No Variations]"
Add component (AddParameter): Name = "值/型号"; Value = "100K"; VariantName = "[No Variations]"
Add component (AddParameter): Name = "值精度"; Value = "±1%"; VariantName = "[No Variations]"
Add component (AddParameter): Name = "元件封装"; Value = "0402"; VariantName = "[No Variations]"
Add component (AddParameter): Name = "具体类型"; Value = "贴片电阻"; VariantName = "[No Variations]"
Add component (AddParameter): Name = "封装类型"; Value = "贴片"; VariantName = "[No Variations]"
Add component (AddParameter): Name = "温度漂移"; Value = "±100ppm/℃"; VariantName = "[No Variations]"
Add component (AddParameter): Name = "温度范围"; Value = ""; VariantName = "[No Variations]"
Add component (AddParameter): Name = "生产商"; Value = "国巨"; VariantName = "[No Variations]"
Add component (AddParameter): Name = "生产商零件编码"; Value = "RC0402FR-07100KL"; VariantName = "[No Variations]"
Add component (AddParameter): Name = "立创编号"; Value = "C60491"; VariantName = "[No Variations]"
Add component (AddParameter): Name = "类型备注"; Value = ""; VariantName = "[No Variations]"
Added Component: Designator=R20(R 0402_L)
Add component (AddParameter): Name = "主类型"; Value = "电阻"; VariantName = "[No Variations]"
Add component (AddParameter): Name = "值/型号"; Value = "2K"; VariantName = "[No Variations]"
Add component (AddParameter): Name = "值精度"; Value = "±0.1%"; VariantName = "[No Variations]"
Add component (AddParameter): Name = "元件封装"; Value = "0402"; VariantName = "[No Variations]"
Add component (AddParameter): Name = "具体类型"; Value = "贴片电阻"; VariantName = "[No Variations]"
Add component (AddParameter): Name = "封装类型"; Value = "贴片"; VariantName = "[No Variations]"
Add component (AddParameter): Name = "温度漂移"; Value = "±100ppm/℃"; VariantName = "[No Variations]"
Add component (AddParameter): Name = "温度范围"; Value = ""; VariantName = "[No Variations]"
Add component (AddParameter): Name = "生产商"; Value = "光颉(Viking)"; VariantName = "[No Variations]"
Add component (AddParameter): Name = "生产商零件编码"; Value = "AR02BTC2001"; VariantName = "[No Variations]"
Add component (AddParameter): Name = "立创编号"; Value = "C317918"; VariantName = "[No Variations]"
Add component (AddParameter): Name = "类型备注"; Value = ""; VariantName = "[No Variations]"
Added Component: Designator=R21(R 0402_L)
Add component (AddParameter): Name = "主类型"; Value = "电阻"; VariantName = "[No Variations]"
Add component (AddParameter): Name = "值/型号"; Value = "0"; VariantName = "[No Variations]"
Add component (AddParameter): Name = "值精度"; Value = "±1%"; VariantName = "[No Variations]"
Add component (AddParameter): Name = "元件封装"; Value = "0402"; VariantName = "[No Variations]"
Add component (AddParameter): Name = "具体类型"; Value = "贴片电阻"; VariantName = "[No Variations]"
Add component (AddParameter): Name = "封装类型"; Value = "贴片"; VariantName = "[No Variations]"
Add component (AddParameter): Name = "温度漂移"; Value = "±100ppm/℃"; VariantName = "[No Variations]"
Add component (AddParameter): Name = "温度范围"; Value = ""; VariantName = "[No Variations]"
Add component (AddParameter): Name = "生产商"; Value = "?YAGEO（国巨）"; VariantName = "[No Variations]"
Add component (AddParameter): Name = "生产商零件编码"; Value = "RC0402FR-0710KL"; VariantName = "[No Variations]"
Add component (AddParameter): Name = "立创编号"; Value = "C60490"; VariantName = "[No Variations]"
Add component (AddParameter): Name = "类型备注"; Value = ""; VariantName = "[No Variations]"
Added Component: Designator=R22(R 0402_L)
Add component (AddParameter): Name = "主类型"; Value = "电阻"; VariantName = "[No Variations]"
Add component (AddParameter): Name = "值/型号"; Value = "0"; VariantName = "[No Variations]"
Add component (AddParameter): Name = "值精度"; Value = "±1%"; VariantName = "[No Variations]"
Add component (AddParameter): Name = "元件封装"; Value = "0402"; VariantName = "[No Variations]"
Add component (AddParameter): Name = "具体类型"; Value = "贴片电阻"; VariantName = "[No Variations]"
Add component (AddParameter): Name = "封装类型"; Value = "贴片"; VariantName = "[No Variations]"
Add component (AddParameter): Name = "温度漂移"; Value = "±100ppm/℃"; VariantName = "[No Variations]"
Add component (AddParameter): Name = "温度范围"; Value = ""; VariantName = "[No Variations]"
Add component (AddParameter): Name = "生产商"; Value = "?YAGEO（国巨）"; VariantName = "[No Variations]"
Add component (AddParameter): Name = "生产商零件编码"; Value = "RC0402FR-0710KL"; VariantName = "[No Variations]"
Add component (AddParameter): Name = "立创编号"; Value = "C60490"; VariantName = "[No Variations]"
Add component (AddParameter): Name = "类型备注"; Value = ""; VariantName = "[No Variations]"
Added Component: Designator=R23(R 0402_L)
Add component (AddParameter): Name = "主类型"; Value = "电阻"; VariantName = "[No Variations]"
Add component (AddParameter): Name = "值/型号"; Value = "0"; VariantName = "[No Variations]"
Add component (AddParameter): Name = "值精度"; Value = "±1%"; VariantName = "[No Variations]"
Add component (AddParameter): Name = "元件封装"; Value = "0402"; VariantName = "[No Variations]"
Add component (AddParameter): Name = "具体类型"; Value = "贴片电阻"; VariantName = "[No Variations]"
Add component (AddParameter): Name = "封装类型"; Value = "贴片"; VariantName = "[No Variations]"
Add component (AddParameter): Name = "温度漂移"; Value = "±100ppm/℃"; VariantName = "[No Variations]"
Add component (AddParameter): Name = "温度范围"; Value = ""; VariantName = "[No Variations]"
Add component (AddParameter): Name = "生产商"; Value = "?YAGEO（国巨）"; VariantName = "[No Variations]"
Add component (AddParameter): Name = "生产商零件编码"; Value = "RC0402FR-0710KL"; VariantName = "[No Variations]"
Add component (AddParameter): Name = "立创编号"; Value = "C60490"; VariantName = "[No Variations]"
Add component (AddParameter): Name = "类型备注"; Value = ""; VariantName = "[No Variations]"
Added Component: Designator=R24(R 0402_L)
Add component (AddParameter): Name = "主类型"; Value = "电阻"; VariantName = "[No Variations]"
Add component (AddParameter): Name = "值/型号"; Value = "0"; VariantName = "[No Variations]"
Add component (AddParameter): Name = "值精度"; Value = "±1%"; VariantName = "[No Variations]"
Add component (AddParameter): Name = "元件封装"; Value = "0402"; VariantName = "[No Variations]"
Add component (AddParameter): Name = "具体类型"; Value = "贴片电阻"; VariantName = "[No Variations]"
Add component (AddParameter): Name = "封装类型"; Value = "贴片"; VariantName = "[No Variations]"
Add component (AddParameter): Name = "温度漂移"; Value = "±100ppm/℃"; VariantName = "[No Variations]"
Add component (AddParameter): Name = "温度范围"; Value = ""; VariantName = "[No Variations]"
Add component (AddParameter): Name = "生产商"; Value = "?YAGEO（国巨）"; VariantName = "[No Variations]"
Add component (AddParameter): Name = "生产商零件编码"; Value = "RC0402FR-0710KL"; VariantName = "[No Variations]"
Add component (AddParameter): Name = "立创编号"; Value = "C60490"; VariantName = "[No Variations]"
Add component (AddParameter): Name = "类型备注"; Value = ""; VariantName = "[No Variations]"
Added Component: Designator=R25(R 0402_L)
Add component (AddParameter): Name = "主类型"; Value = "电阻"; VariantName = "[No Variations]"
Add component (AddParameter): Name = "值/型号"; Value = "10K"; VariantName = "[No Variations]"
Add component (AddParameter): Name = "值精度"; Value = "±1%"; VariantName = "[No Variations]"
Add component (AddParameter): Name = "元件封装"; Value = "0402"; VariantName = "[No Variations]"
Add component (AddParameter): Name = "具体类型"; Value = "贴片电阻"; VariantName = "[No Variations]"
Add component (AddParameter): Name = "封装类型"; Value = "贴片"; VariantName = "[No Variations]"
Add component (AddParameter): Name = "温度漂移"; Value = "±100ppm/℃"; VariantName = "[No Variations]"
Add component (AddParameter): Name = "温度范围"; Value = ""; VariantName = "[No Variations]"
Add component (AddParameter): Name = "生产商"; Value = "?YAGEO（国巨）"; VariantName = "[No Variations]"
Add component (AddParameter): Name = "生产商零件编码"; Value = "RC0402FR-0710KL"; VariantName = "[No Variations]"
Add component (AddParameter): Name = "立创编号"; Value = "C60490"; VariantName = "[No Variations]"
Add component (AddParameter): Name = "类型备注"; Value = ""; VariantName = "[No Variations]"
Added Component: Designator=R26(R 0402_L)
Add component (AddParameter): Name = "主类型"; Value = "电阻"; VariantName = "[No Variations]"
Add component (AddParameter): Name = "值/型号"; Value = "10K"; VariantName = "[No Variations]"
Add component (AddParameter): Name = "值精度"; Value = "±1%"; VariantName = "[No Variations]"
Add component (AddParameter): Name = "元件封装"; Value = "0402"; VariantName = "[No Variations]"
Add component (AddParameter): Name = "具体类型"; Value = "贴片电阻"; VariantName = "[No Variations]"
Add component (AddParameter): Name = "封装类型"; Value = "贴片"; VariantName = "[No Variations]"
Add component (AddParameter): Name = "温度漂移"; Value = "±100ppm/℃"; VariantName = "[No Variations]"
Add component (AddParameter): Name = "温度范围"; Value = ""; VariantName = "[No Variations]"
Add component (AddParameter): Name = "生产商"; Value = "?YAGEO（国巨）"; VariantName = "[No Variations]"
Add component (AddParameter): Name = "生产商零件编码"; Value = "RC0402FR-0710KL"; VariantName = "[No Variations]"
Add component (AddParameter): Name = "立创编号"; Value = "C60490"; VariantName = "[No Variations]"
Add component (AddParameter): Name = "类型备注"; Value = ""; VariantName = "[No Variations]"
Added Component: Designator=R27(R 0402_L)
Add component (AddParameter): Name = "主类型"; Value = "电阻"; VariantName = "[No Variations]"
Add component (AddParameter): Name = "值/型号"; Value = "0"; VariantName = "[No Variations]"
Add component (AddParameter): Name = "值精度"; Value = "±1%"; VariantName = "[No Variations]"
Add component (AddParameter): Name = "元件封装"; Value = "0402"; VariantName = "[No Variations]"
Add component (AddParameter): Name = "具体类型"; Value = "贴片电阻"; VariantName = "[No Variations]"
Add component (AddParameter): Name = "封装类型"; Value = "贴片"; VariantName = "[No Variations]"
Add component (AddParameter): Name = "温度漂移"; Value = "±100ppm/℃"; VariantName = "[No Variations]"
Add component (AddParameter): Name = "温度范围"; Value = ""; VariantName = "[No Variations]"
Add component (AddParameter): Name = "生产商"; Value = "?YAGEO（国巨）"; VariantName = "[No Variations]"
Add component (AddParameter): Name = "生产商零件编码"; Value = "RC0402FR-0710KL"; VariantName = "[No Variations]"
Add component (AddParameter): Name = "立创编号"; Value = "C60490"; VariantName = "[No Variations]"
Add component (AddParameter): Name = "类型备注"; Value = ""; VariantName = "[No Variations]"
Added Component: Designator=R28(R 0402_L)
Add component (AddParameter): Name = "主类型"; Value = "电阻"; VariantName = "[No Variations]"
Add component (AddParameter): Name = "值/型号"; Value = "2K"; VariantName = "[No Variations]"
Add component (AddParameter): Name = "值精度"; Value = "±0.1%"; VariantName = "[No Variations]"
Add component (AddParameter): Name = "元件封装"; Value = "0402"; VariantName = "[No Variations]"
Add component (AddParameter): Name = "具体类型"; Value = "贴片电阻"; VariantName = "[No Variations]"
Add component (AddParameter): Name = "封装类型"; Value = "贴片"; VariantName = "[No Variations]"
Add component (AddParameter): Name = "温度漂移"; Value = "±100ppm/℃"; VariantName = "[No Variations]"
Add component (AddParameter): Name = "温度范围"; Value = ""; VariantName = "[No Variations]"
Add component (AddParameter): Name = "生产商"; Value = "光颉(Viking)"; VariantName = "[No Variations]"
Add component (AddParameter): Name = "生产商零件编码"; Value = "AR02BTC2001"; VariantName = "[No Variations]"
Add component (AddParameter): Name = "立创编号"; Value = "C317918"; VariantName = "[No Variations]"
Add component (AddParameter): Name = "类型备注"; Value = ""; VariantName = "[No Variations]"
Added Component: Designator=U1(SOT23-5)
Added Component: Designator=U2(SOT23-5)
Add component (AddParameter): Name = "主类型"; Value = "电源芯片"; VariantName = "[No Variations]"
Add component (AddParameter): Name = "值/型号"; Value = "ADP150AUJZ-3.3-R7"; VariantName = "[No Variations]"
Add component (AddParameter): Name = "值精度"; Value = ""; VariantName = "[No Variations]"
Add component (AddParameter): Name = "元件封装"; Value = "SOT-23-5"; VariantName = "[No Variations]"
Add component (AddParameter): Name = "具体类型"; Value = "线性稳压芯片"; VariantName = "[No Variations]"
Add component (AddParameter): Name = "封装类型"; Value = "贴片"; VariantName = "[No Variations]"
Add component (AddParameter): Name = "温度漂移"; Value = ""; VariantName = "[No Variations]"
Add component (AddParameter): Name = "温度范围"; Value = ""; VariantName = "[No Variations]"
Add component (AddParameter): Name = "生产商"; Value = "ADI(亚德诺)/LINEAR"; VariantName = "[No Variations]"
Add component (AddParameter): Name = "生产商零件编码"; Value = "ADP150AUJZ-3.3-R7"; VariantName = "[No Variations]"
Add component (AddParameter): Name = "立创编号"; Value = "C29149"; VariantName = "[No Variations]"
Add component (AddParameter): Name = "类型备注"; Value = ""; VariantName = "[No Variations]"
Added Component: Designator=U3(SOT23-6)
Added Component: Designator=U4(AD5686R)
Added Pin To Net: NetName=3V3 Pin=C5-2
Added Pin To Net: NetName=3V3 Pin=JP1-5
Added Pin To Net: NetName=3V3 Pin=U2-5
Added Net: Name=3V3
Added Pin To Net: NetName=5V Pin=C2-2
Added Pin To Net: NetName=5V Pin=C4-2
Added Pin To Net: NetName=5V Pin=E3-1
Added Pin To Net: NetName=5V Pin=E4-1
Added Pin To Net: NetName=5V Pin=JP1-1
Added Pin To Net: NetName=5V Pin=JP1-3
Added Pin To Net: NetName=5V Pin=R3-1
Added Pin To Net: NetName=5V Pin=R4-2
Added Pin To Net: NetName=5V Pin=U1-2
Added Pin To Net: NetName=5V Pin=U2-1
Added Net: Name=5V
Added Pin To Net: NetName=EN Pin=R10-2
Added Pin To Net: NetName=EN Pin=R15-2
Added Net: Name=EN
Added Pin To Net: NetName=GAIN Pin=R17-2
Added Pin To Net: NetName=GAIN Pin=R22-2
Added Pin To Net: NetName=GAIN Pin=R23-2
Added Net: Name=GAIN
Added Pin To Net: NetName=GND Pin=C1-1
Added Pin To Net: NetName=GND Pin=C2-1
Added Pin To Net: NetName=GND Pin=C3-2
Added Pin To Net: NetName=GND Pin=C4-1
Added Pin To Net: NetName=GND Pin=C5-1
Added Pin To Net: NetName=GND Pin=C6-1
Added Pin To Net: NetName=GND Pin=C7-1
Added Pin To Net: NetName=GND Pin=C8-1
Added Pin To Net: NetName=GND Pin=C9-1
Added Pin To Net: NetName=GND Pin=C10-1
Added Pin To Net: NetName=GND Pin=C11-1
Added Pin To Net: NetName=GND Pin=C12-1
Added Pin To Net: NetName=GND Pin=C13-1
Added Pin To Net: NetName=GND Pin=C14-1
Added Pin To Net: NetName=GND Pin=C15-1
Added Pin To Net: NetName=GND Pin=C16-1
Added Pin To Net: NetName=GND Pin=C17-1
Added Pin To Net: NetName=GND Pin=C18-1
Added Pin To Net: NetName=GND Pin=C19-1
Added Pin To Net: NetName=GND Pin=C20-1
Added Pin To Net: NetName=GND Pin=C21-1
Added Pin To Net: NetName=GND Pin=C22-1
Added Pin To Net: NetName=GND Pin=D1-1
Added Pin To Net: NetName=GND Pin=E1-2
Added Pin To Net: NetName=GND Pin=E2-2
Added Pin To Net: NetName=GND Pin=E3-2
Added Pin To Net: NetName=GND Pin=E4-2
Added Pin To Net: NetName=GND Pin=LED1-2
Added Pin To Net: NetName=GND Pin=P1-2
Added Pin To Net: NetName=GND Pin=P1-2
Added Pin To Net: NetName=GND Pin=P1-2
Added Pin To Net: NetName=GND Pin=P1-2
Added Pin To Net: NetName=GND Pin=P2-2
Added Pin To Net: NetName=GND Pin=P2-2
Added Pin To Net: NetName=GND Pin=P2-2
Added Pin To Net: NetName=GND Pin=P2-2
Added Pin To Net: NetName=GND Pin=P3-2
Added Pin To Net: NetName=GND Pin=P3-2
Added Pin To Net: NetName=GND Pin=P3-2
Added Pin To Net: NetName=GND Pin=P3-2
Added Pin To Net: NetName=GND Pin=P4-2
Added Pin To Net: NetName=GND Pin=P4-2
Added Pin To Net: NetName=GND Pin=P4-2
Added Pin To Net: NetName=GND Pin=P4-2
Added Pin To Net: NetName=GND Pin=R2-2
Added Pin To Net: NetName=GND Pin=R5-2
Added Pin To Net: NetName=GND Pin=R6-2
Added Pin To Net: NetName=GND Pin=R7-1
Added Pin To Net: NetName=GND Pin=R8-1
Added Pin To Net: NetName=GND Pin=R9-1
Added Pin To Net: NetName=GND Pin=R12-2
Added Pin To Net: NetName=GND Pin=R20-2
Added Pin To Net: NetName=GND Pin=R21-1
Added Pin To Net: NetName=GND Pin=R23-1
Added Pin To Net: NetName=GND Pin=R25-2
Added Pin To Net: NetName=GND Pin=R27-1
Added Pin To Net: NetName=GND Pin=R28-2
Added Pin To Net: NetName=GND Pin=U1-5
Added Pin To Net: NetName=GND Pin=U2-2
Added Pin To Net: NetName=GND Pin=U3-1
Added Pin To Net: NetName=GND Pin=U3-2
Added Pin To Net: NetName=GND Pin=U4-2
Added Pin To Net: NetName=GND Pin=U4-17
Added Net: Name=GND
Added Pin To Net: NetName=LDAC Pin=R16-2
Added Pin To Net: NetName=LDAC Pin=R21-2
Added Net: Name=LDAC
Added Pin To Net: NetName=MISO Pin=R9-2
Added Pin To Net: NetName=MISO Pin=R14-2
Added Net: Name=MISO
Added Pin To Net: NetName=MOSI Pin=R8-2
Added Pin To Net: NetName=MOSI Pin=R13-2
Added Net: Name=MOSI
Added Pin To Net: NetName=NetC3_1 Pin=C3-1
Added Pin To Net: NetName=NetC3_1 Pin=U1-4
Added Net: Name=NetC3_1
Added Pin To Net: NetName=NetC9_2 Pin=C9-2
Added Pin To Net: NetName=NetC9_2 Pin=C10-2
Added Pin To Net: NetName=NetC9_2 Pin=JP2-1
Added Pin To Net: NetName=NetC9_2 Pin=U3-5
Added Pin To Net: NetName=NetC9_2 Pin=U3-6
Added Net: Name=NetC9_2
Added Pin To Net: NetName=NetLED1_1 Pin=LED1-1
Added Pin To Net: NetName=NetLED1_1 Pin=R3-2
Added Net: Name=NetLED1_1
Added Pin To Net: NetName=NetR1_1 Pin=R1-1
Added Pin To Net: NetName=NetR1_1 Pin=R2-1
Added Pin To Net: NetName=NetR1_1 Pin=U1-3
Added Net: Name=NetR1_1
Added Pin To Net: NetName=NetR4_1 Pin=R4-1
Added Pin To Net: NetName=NetR4_1 Pin=R5-1
Added Pin To Net: NetName=NetR4_1 Pin=U2-3
Added Net: Name=NetR4_1
Added Pin To Net: NetName=NetR11_1 Pin=R11-1
Added Pin To Net: NetName=NetR11_1 Pin=U4-10
Added Net: Name=NetR11_1
Added Pin To Net: NetName=NetR13_1 Pin=R13-1
Added Pin To Net: NetName=NetR13_1 Pin=U4-12
Added Net: Name=NetR13_1
Added Pin To Net: NetName=NetR14_1 Pin=R14-1
Added Pin To Net: NetName=NetR14_1 Pin=U4-6
Added Net: Name=NetR14_1
Added Pin To Net: NetName=NetR15_1 Pin=R15-1
Added Pin To Net: NetName=NetR15_1 Pin=U4-11
Added Net: Name=NetR15_1
Added Pin To Net: NetName=NetR16_1 Pin=R16-1
Added Pin To Net: NetName=NetR16_1 Pin=U4-7
Added Net: Name=NetR16_1
Added Pin To Net: NetName=NetR17_1 Pin=R17-1
Added Pin To Net: NetName=NetR17_1 Pin=U4-8
Added Net: Name=NetR17_1
Added Pin To Net: NetName=NetR18_1 Pin=R18-1
Added Pin To Net: NetName=NetR18_1 Pin=U4-13
Added Net: Name=NetR18_1
Added Pin To Net: NetName=NetR19_1 Pin=R19-1
Added Pin To Net: NetName=NetR19_1 Pin=U4-14
Added Net: Name=NetR19_1
Added Pin To Net: NetName=RESET Pin=R18-2
Added Pin To Net: NetName=RESET Pin=R24-2
Added Pin To Net: NetName=RESET Pin=R25-1
Added Net: Name=RESET
Added Pin To Net: NetName=RSTSEL Pin=R19-2
Added Pin To Net: NetName=RSTSEL Pin=R26-1
Added Pin To Net: NetName=RSTSEL Pin=R27-2
Added Net: Name=RSTSEL
Added Pin To Net: NetName=SCLK Pin=R7-2
Added Pin To Net: NetName=SCLK Pin=R11-2
Added Net: Name=SCLK
Added Pin To Net: NetName=VDD Pin=C13-2
Added Pin To Net: NetName=VDD Pin=C14-2
Added Pin To Net: NetName=VDD Pin=JP1-2
Added Pin To Net: NetName=VDD Pin=JP1-4
Added Pin To Net: NetName=VDD Pin=JP1-6
Added Pin To Net: NetName=VDD Pin=R22-1
Added Pin To Net: NetName=VDD Pin=R24-1
Added Pin To Net: NetName=VDD Pin=R26-2
Added Pin To Net: NetName=VDD Pin=U4-3
Added Net: Name=VDD
Added Pin To Net: NetName=VIN Pin=C1-2
Added Pin To Net: NetName=VIN Pin=C6-2
Added Pin To Net: NetName=VIN Pin=C7-2
Added Pin To Net: NetName=VIN Pin=C8-2
Added Pin To Net: NetName=VIN Pin=D1-2
Added Pin To Net: NetName=VIN Pin=E1-1
Added Pin To Net: NetName=VIN Pin=E2-1
Added Pin To Net: NetName=VIN Pin=R1-2
Added Pin To Net: NetName=VIN Pin=U1-1
Added Pin To Net: NetName=VIN Pin=U3-3
Added Pin To Net: NetName=VIN Pin=U3-4
Added Net: Name=VIN
Added Pin To Net: NetName=VIO Pin=C15-2
Added Pin To Net: NetName=VIO Pin=C16-2
Added Pin To Net: NetName=VIO Pin=R10-1
Added Pin To Net: NetName=VIO Pin=U4-9
Added Net: Name=VIO
Added Pin To Net: NetName=VOUTA Pin=C19-2
Added Pin To Net: NetName=VOUTA Pin=P1-1
Added Pin To Net: NetName=VOUTA Pin=R6-1
Added Pin To Net: NetName=VOUTA Pin=U4-1
Added Net: Name=VOUTA
Added Pin To Net: NetName=VOUTB Pin=C20-2
Added Pin To Net: NetName=VOUTB Pin=P2-1
Added Pin To Net: NetName=VOUTB Pin=R12-1
Added Pin To Net: NetName=VOUTB Pin=U4-16
Added Net: Name=VOUTB
Added Pin To Net: NetName=VOUTC Pin=C21-2
Added Pin To Net: NetName=VOUTC Pin=P3-1
Added Pin To Net: NetName=VOUTC Pin=R20-1
Added Pin To Net: NetName=VOUTC Pin=U4-4
Added Net: Name=VOUTC
Added Pin To Net: NetName=VOUTD Pin=C22-2
Added Pin To Net: NetName=VOUTD Pin=P4-1
Added Pin To Net: NetName=VOUTD Pin=R28-1
Added Pin To Net: NetName=VOUTD Pin=U4-5
Added Net: Name=VOUTD
Added Pin To Net: NetName=VREF_IN Pin=C11-2
Added Pin To Net: NetName=VREF_IN Pin=C12-2
Added Pin To Net: NetName=VREF_IN Pin=JP2-5
Added Net: Name=VREF_IN
Added Pin To Net: NetName=VREF Pin=C17-2
Added Pin To Net: NetName=VREF Pin=C18-2
Added Pin To Net: NetName=VREF Pin=JP2-2
Added Pin To Net: NetName=VREF Pin=JP2-4
Added Pin To Net: NetName=VREF Pin=JP2-6
Added Pin To Net: NetName=VREF Pin=U4-15
Added Net: Name=VREF
Added Class: Name=AD5686R
Added Class: Name=POW
Added Room: Name=AD5686R
Added Room: Name=POW
